- 7

310630444420356552532

101041302435143310223

206556141652213242306


- 13

772070A25401C062

4C582B74651337B1

2795422ABBBB8581


/ 3

120212110202022121100020220011222012

102000021221101112121200020112201200

1


% 12

32ABB951B434631A3

15687111025BA3BA5

396972BAB3497215


* 4

103111032003210

203223032312112

22301222123130231013231212120


+ 2

1011010001000100100010101110111001011110101000101011100101

1001000101110110010001011100011000100111000011111101000011

10100010110111010110100001011010010000101101100101000101000


% 13

9011C7804C01BB48

832681A5674B459A

9B845A7B483757B


+ 15

B5117793568ED90

76E847891331489

13C09C02C69C1329


/ 7

1003423053220604422003

1164024025615523224254

0


* 10

368126925

442055227

162732431395686975


- 5

31032003330440021002200441

2204404440013223023342241

23322043340421242423303200


+ 6

24022451355552453150355

110430142205441400243411

134453034005434253434210


/ 8

20731666631737542366

33157375270777735221

0


% 7

1160345112263463325626

1234563653251010504664

1160345112263463325626


+ 13

15C1063CAB7892C2B

2C1741957A0AB28A

18B27A593649711B8


% 8

17536370145273247554

12621610516734606606

4714557426336440746


- 14

1D36DB54C25B0DBC

B02A565C66C1521

123435CCD9CCD89B


+ 6

54303325412251542352044

15210041020242204433542

113513410432534151230030


* 16

10AD15D1

1672A7D6

17657E286FD93B6


% 8

14322207073602127105

26437732010006475130

14322207073602127105


/ 11

164546782014700398

13A480859A01A02790

1


% 6

51132002411141351005050

52210430435032333242314

51132002411141351005050


- 7

321613320514226125454

126335256240212052566

162245031244014042555


% 5

2404242404033134003010313

102201000424240443141004

100320333033232042303120


- 12

53681BA7A86A60442

1B111322014B8512B

34570885A71A97313


+ 15

1488911E0563DA5C

217ACB5DD80B704D

36146C7CDD705AAA


+ 7

1116306516050365132645

51152415304112461423

1200462234354510624401


- 12

5273722746B265266

4329867A632A54395

B45A768A38410A91


+ 16

219E45A03881A51

5CAFD950A6A8763

7E4E1EF0DF2A1B4


% 13

135295435353A36CA

3023281A63252319

14465274B24A5444


% 2

11111111101000101100010100101000010111001110001000000101111

11100110100001000111101010000110110101101000000001111101110

11001000111100100101010100001100001100110000110001000001


% 16

D3F576D96B97B49

2E301A2B401FF40

1B350E2C6B17E49


- 5

14314132002130123333343243

1032413210433312130032423

13231213241141311203310320


* 4

320133120210213

310330331130021

232233103213202012213221031133


- 12

52524115B08A37160

36069421256551859

184768B48724A5503


/ 10

536645204775383569

871503259916155443

0


+ 11

99A827702A3047350

4634A58562427742A

13532224591731377A


% 11

15A468A62665024310

1195123A5154432205

40A566685106A2106


* 16

5815A7F

A557B03

38E421392A147D


/ 13

C9199B209416BC74

11C82A49A3627BB99

0


% 13

1085BB06830187CA1

8724A4A687789C75

51370891756CB029


% 2

101001100100111001001011100010101111110000011010011101111000

110101010110111000111011111000000001010001010001000000011

1100011101110011110101000101110110011011101101101100110


- 7

1230560510265400606413

406126301251113635632

521431206014253640451


* 8

6324530132

4203321010

33235561532660073320


* 8

4710371215

2124307475

12455613714514107231


% 7

460132263141454130365

1454320055354252336102

460132263141454130365


/ 10

108875731152796505

958280108201329081

0


- 6

22124300305252314125535

12021433230055421334304

10102423035152452351231


/ 10

542832648537673731

494237858532395067

1


% 13

95B80939ABA8440A

15122288432CB8708

95B80939ABA8440A


- 9

1651056764802808813

1158870540745451238

481076224046347564


% 4

132033033021200001020333320220

223103130120132120003233200111

132033033021200001020333320220


% 4

130320301103323110111011213202

212200200001103102210000122102

130320301103323110111011213202


+ 14

5737DC77D54560D5

63ADC26A1AB5122B

BB07C104121A7322


+ 4

201300212202112032221132300333

2212333030032302023301132302

210113211232211000311100033301


/ 7

1114266435063134440006

644503656454303412162

1


% 14

62135CB006BAD863

54C3C97257927BAD

B2D733B8D285A94


/ 12

B80A70B671036399

15547BBB854595510

0


- 4

33012311201021101230012110223

1123111011113101223310033321

31223200123302000000102010302


+ 3

11000112202011201221202001200011200110

2111200100201121000201020200000011021

20112020002220022222110022100011211201


* 2

1001010010101110010111111011

110011111010001101111101011001

111100010010111111100110011100101110101111001100101000011


% 10

247306542466592294

890376727177063096

247306542466592294


/ 14

656785B9D8B79722

A2A7A951BCC1CA9

8


% 16

5DCCCEBEF1E73A3

B488224F6F917A9

5DCCCEBEF1E73A3


- 7

1103105041546462652435

126560511254603106632

643214230261556542503


+ 14

590C60D78698B040

302385533A5C43CB

8932064AC317142B


/ 3

20101120121100210012012012201012221121

12111112011221120020101100102101002202

1


% 4

103011232200213230300000320310

1312233311200220133132111210

202100021201113311101201030


+ 5

14213403230210322230431344

1210040110422244322121000

20423443341133122103102344


% 10

118256494459513367

451775078667049291

118256494459513367


- 12

23A1111A035A46581

175A6A30A716A11AA

84262A9184365393


* 3

1101121121201000102

20010011000100220

22112002011001110021121211001000210


% 7

1003450425552650344143

536314503065255232231

134132622454362111612


+ 6

25443413312132310510401

51432521450315020012024

121320335202451330522425


/ 4

311131320323230001030311031002

200232122301311222210322332323

1


% 7

245665302243163420141

1112045642624503313440

245665302243163420141


* 6

214005325524

21342354115

5101250014231325125352


- 5

10420303212434030212042104

1100124044240120112040220

4320124113143410100001334


+ 15

241CA7A0D9AA65D1

1560C1889310B28B

397D79397CBB286C


+ 2

101000011110101100010000001010110100100100110011011011110011

10011010000100101000011111111010011010101010111001001110101

111011101111010001010100001010000111111010001010100101101000


% 10

230879243804961383

42993113437593249

15913676616995138


+ 10

791177067915442224

788327033960343266

1579504101875785490


* 12

12A5063B5

11327396A

14533774317840902


+ 12

A452252307AA324A

19296B81590B3B226

27729213898A22474


+ 9

5012711282204526741

2870618035133458458

7883430327338086310


- 2

100100010101011011100001010110000010100110100000000001010111

100000011110111000100011100110000000110011101101101000000010

11110110100010111101110000000001110010110010011001010101


/ 12

53483831A6A3A8917

4384825687938A576

1


% 10

766589425158096847

711187376132980839

55402049025116008


+ 7

1242461145516466616331

516155602022415113002

2061650050542215032333


- 10

788612926748421997

689848248463336004

98764678285085993


+ 6

50343520123021125415205

103520351535132504014233

154304312102154033433442


% 9

2285481301160202225

125227834418047243

32370371626242752


/ 13

14599273385466666

366BC5B90A866A05

4


% 4

233102320213013310123221210232

221331110033203031100121003013

11111210113210213023100201213


% 11

4718125A982063699

181893A62A76910A93

4718125A982063699


% 6

4450132204345350411454

55310511000515244104122

4450132204345350411454


% 13

1586AA253249369B0

1522001B43B507862

64AA06BB642C14B


* 15

40DA7E1C

2578412E

992984B9D0A9343


% 13

7A70C80210C87C73

A9B46CBB174B3B90

7A70C80210C87C73


* 13

137B61CC

CAA39B20

1350A4A71A7471B0


- 8

66326125244163336021

40500747165167370352

25625156056773745447


% 11

15A54199503214A095

A5967952A7A281850

64685042062978345


/ 12

2248BAAA1172495A6

5AA28889B5844523

4


* 16

97AD914

15A169F

CD0DFD6FC8B6C


- 8

64532336064536006060

3357154030362614653

61153162034153171205


/ 9

1783542118650533324

6142074720778268334

0


% 9

353848443551143464

1276314732435882138

353848443551143464


/ 7

61235603224414132102

611422521513263635044

0


/ 3

20110110220201122102122000002111002112

12122121120010222010110112200221211201

1


+ 15

599A6152866A7A6

1286B40A1D24884B

18316A20468B4102


% 10

995992448001731417

669499561063373316

326492886938358101


+ 6

3153123403345423404101

10021411125115112131251

13214534532504535535352


+ 15

336D05DA20CCCEB

203BC3B211991266

2373A420B3A6E062


* 5

1132043443311

1043320330044

1243414012133134324012234


+ 10

24289963294167855

738473467475917163

762763430770085018


% 4

121230203332011020223212102232

203133000100303030131211203212

121230203332011020223212102232


- 4

203020030320310222133311003222

202222203032323320223232031012

131221221320301310012312210


* 12

208B77722

200B60330

417ABAAA664884060


% 9

735733037308068787

61250836131647702

51862628748733065


* 10

241706230

307731002

74380500347542460


+ 15

E8293BD9E34A35B

22C4E8E87B9C108D

32578CB72AD1B3E9


/ 15

9BB003A6C450228

2251B54D44C4C013

0


/ 3

10001221212022222011022012112102210221

11121102221000212211002121201011111211

0


* 8

302674637

5211773261

2002672127701560357


% 11

15999844965148528

354960A6127053327

15999844965148528


* 4

11123211203022

120330021212311

2013130300203313131120003102


/ 8

15270130155725377111

3602747430364104644

3


- 2

110110100101111101100001101110011100101011011000000110000111

110011111000001101000110001010000011001101101110100010011

110000000110111011111000111101001100010001101010010001110100


% 15

8D7C5AECD7DAD78

36DA6B04159A74A

1EA673E4AB94DD3


* 9

1012482262

672153360

681814446853754730


* 5

3313112043342

420311213032

3110311442424003113110044


+ 13

C5B921B076501542

150B88297C9663275

246A4A47872B647B7


* 4

210232133203223

211323000303303

111300233210130003311210230101


% 13

548C17595AC4167C

B2CB30B499C62887

548C17595AC4167C


* 2

11001111011011110011101101111

111011000010001101011100101110

10111111010101110011001000101000110100101011100111011110010


/ 9

615621710376717103

1770848520318467680

0


+ 16

4CE5E1A6DEA2DB6

BAE672465AA85FA

107CC53ED394B3B0


- 11

13135367265873230A

826625928834A0678

597A108A885241742


/ 13

34A749874B05A686

15296C14441365804

0


+ 10

928309172778829955

818661613112696788

1746970785891526743


* 16

B0FAD9C

10D38151

BA1E5C3E058A5C


+ 6

1021105303352504434203

41053222144020003544132

42114331451412512422335


* 13

121749017

3301A359

39B2B2B50726039B


+ 5

1212330044302222104400122

23341303121111040113032223

30104133220413312222432400


* 4

212000310222003

22201030211330

12033312020122020221033021310


+ 16

9D1EF4249B052F2

2856C028C98F14

9FA46027279E206


- 11

198457859523551641

158115405799735270

40342453834917381


+ 16

D7A79120242C88A

354068E618AF0DC

10CE7FA063CDB966


- 4

212300132221011230123322113230

202320332302303300320121332231

3313133312101323203200120333


- 3

1020101120110001212020012010102222022

1012112011100211111002020111200202110

212102002020101010221121202012212


* 16

1A63DFC2

9D9CB6

103F67D9554BEC


/ 16

32C08F9CECFD406

4CD8C67BA87B366

0


% 14

470A2902101ADB5

39D24774B28760

399765A83206D5


% 10

696082793106072537

244710423705509774

206661945695052989


* 6

145100303235

202205444412

34233552145113145022504


* 6

151420343205

1312021451

252041023202221144215


/ 13

828A774CAC4CC16B

10A759A52A44BB8C3

0


- 5

20404032211040334041233433

3324113402113302330102144

12024413303422031211131234


+ 9

3233476842717826052

3732763015254652656

7066350858073578718


/ 8

27067107260536232402

20727675764461026516

1


* 9

1717128052

534822616

1063368552872573263


% 11

184288213072291692

19299776571A3A090

A68A223A1492A972


+ 7

345516344461264246606

1501323432513024132363

2150143110304321412302


* 3

112010001002010121

102000000022022122

12202020121012212121212101011000002


+ 15

22E0C4E794736BB7

1BD030C5E801866B

3EC105BD8C750333


+ 4

222103211110221232101312132231

101121120012233102312001110111

323230331123121001013313303002


% 5

22303033021122344311121202

2340314011313030144301002

1240211414310123012412134


+ 16

B5B9B1069C070D3

95FEF78AF3D8DBF

14BB8A8918FDFE92


+ 6

35455310545403332202353

1305413403433345225013

41205124353241121431410


% 2

110010001010001001111000011001001001000010010010101000111001

1101110111110000000111001010110011001111001010010010

101111011001110100001001010000110100100100001111011


* 11

169978869

422243399

691A31A69162060A4


% 7

1324461461655430051022

422662235410664634403

145503654533434145613


* 7

23465563222

3531023564

123631164053002652501


% 7

1062064160131365312121

23646153315520134233

13015624266460621501


* 6

135042451230

31234450424

5153150532352200234400


% 12

39552010976B20B0A

4089690577297199

94499777B446317


/ 3

10101110100111202201120120022211122222

10022100211001210000201120200222212210

1


% 7

1416156420616465330555

60514516524305225001

54165363452244253540


* 11

11A5829A1

A4173838

11250231A06844768


/ 10

319450225875239785

513089006448897987

0


* 12

1B3358549

189569564

343A079771B852B10


- 7

1204212544560340440431

423511551131126325102

450400663426211112326


/ 15

CC3A8B0DDB981DE

1C20A1752728B259

0


* 8

7017313441

1516467516

13477561230161255416


/ 8

61417320612713542056

62374366221102461540

0


+ 7

1254316003621453344566

1526006643130510313622

3113325650052263661521


- 2

101101110001000111110001010000101010010110100100001100100110

101101011000110100001100111100101111001000001101010101111000

11000010011100100010011111011001110010110110110101110


% 7

625042440261341616656

1441656335304033536341

625042440261341616656


- 8

57020310115403765273

510056130206012653

56310231765175752420


/ 2

101101010110101101010000101101000011100110001011010110110

11010100100111110000010001110001001101110110111000111100100

0


* 9

607884005

1031218880

630117701766258840


+ 2

101100010100010010010110001001001010111101111000011010001

101000101001100111001000000001011101010110101101110001011110

101110001100001001011010110010100110101110011100110100101111


/ 9

3244384254125058244

1184244747218758417

2


/ 13

1333B707089CA826A

65A68654230B94A6

2


- 15

1C348C31E7527183

16B63DEB12083929

56D4D35D5493759


/ 2

10100010100111110001110011001100110101011111001101100011001

100111001100101110101000000001110001010100100110010100010111

0


% 7

332525211161106254513

1410331660654211443262

332525211161106254513


* 14

893B8B8

68010CBA

40CDB930D60237A


- 11

196598A64AA0231300

95711596282312482

100987479818A19929


% 5

1143211002422434434130014

4100331310314003002310433

1143211002422434434130014


% 16

7FC534ED7FA9E58

A94487571B69768

7FC534ED7FA9E58


% 11

119486825693A10651

5269AA7687583841

524A8A5636341888


- 10

430153861042304205

123388247670484642

306765613371819563


/ 7

1405616311234623333160

1501531051332101551111

0


- 14

623AD378050D8522

13219DD3D14475B6

4D19338413A90D4A


% 15

375A0D3B37738C1

14BB2E376A461631

375A0D3B37738C1


* 15

54755A08

50E2EA68

1BC7083550B5CD74


/ 11

2A0332495A3071A16

540444A3651019A70

0


+ 14

58347072A71859B6

5611482B77996464

B045B8A040B3C03A


/ 4

201101222130230010032023201230

303120222123232100213102223020

0


* 10

44259353

307895278

13627245796035134


- 9

4045611022078614748

2323251081884371142

1622348830084233606


% 16

2BCF29EFBED2838

10FE7C4E9488AD9

9D2315295C1286


- 5

30222122414411442304422233

1101440404011112334311120

24120132010400324420111113


% 8

21273236302107042474

24501116113467576714

21273236302107042474


- 5

12111322120332210230033133

240221134020130241120341

11321100431312024433412242


% 15

239AD2171BE5DCD0

1686208386582A8

8C703C9D2D5AAB


/ 15

66A09A3E0B8D80E

6993CE2ECAA449E

0


/ 8

65322717204633034705

2675651065167275364

22


* 15

1A482711

2EC15501

508AD134754CC11


/ 10

951947277470201501

3720582991760638

255


% 4

200222022111300010233230002300

300032032121320022312122210100

200222022111300010233230002300


- 2

100101100100111111011010011000111101100011111110011111100101

11100101101000001010001110000000110110011000101110011101001

1000110111111110001000101000110110110000111000101011111100


* 12

19260318

166206456

2887A912B08BBB20


% 5

31204132321304242011321330

31241212044221410323202013

31204132321304242011321330


* 12

370B6583

213819998

76A2665988130290


- 10

813429039550669735

778970645838121564

34458393712548171


% 6

3211322541200441053305

24211240142150554242124

3211322541200441053305


* 13

50252379

28279B6

10263A787943522


- 3

221202201110200201111021120110221212

110011001122122010010011212121220210

111121122211001121101002200212001002


+ 8

26677341127566647125

61176307271410061271

110075650421176730416


- 6

100500331140251340155421

25435205212434421122154

31021121523412515033223


+ 5

20133331200144341030102343

21403442022124142341202213

42042323222324033421310111


% 10

365998367740189964

174527136705921439

16944094328347086


* 12

581A6852

160135888

86351B6330894494


/ 7

641526523245255352231

345311002025520561125

1


/ 9

3281737364862225461

2772781533756443626

1


* 16

253DA2A7

300817C

6FCBBE0DD0EFE4


* 14

4B8A6C4A

5DD16165

20D62390A20451D8


* 6

142130554232

34423402051

10315342235152314543112


* 11

280548221

282539541

75615781A66843461


* 6

221204140441

225314124212

55215053224452113110332


% 14

3C74D74C01D5AD53

31A40799C96BC398

AB0CD921667C999


* 9

226438046

700880247

171264467654404726


% 3

20011100101000111020222111021011212222

10211222212201110010200112200111111022

2022100111022001010021221120200101200


/ 4

302031231031011330101131122023

131332320231101002301310322131

1


- 7

1403031610253211555616

25614210006213106564

1344114400243665446022


- 2

11010001111011101111010000111110100000010111100111100010011

110100110001101100011111100000100011011010001010011100101

10011101001010000010110001011101111100111101011101000101110


+ 4

100231101202132330030231003322

22100021012000323323200202020

122331122220133320020031212002


* 13

C5983A2C

A1556929

98A07B68AC049AB4


* 11

20697409A

184397956

369921198594111A5


- 16

9E6B952C7BE7350

27D5057C8B557A8

76968FAFF091BA8


/ 5

22320432120411423324031444

12134103122241312101022040

1


- 5

12401424344433343032024302

4100343340032401403042242

3301031004400441123432010


* 7

6155563236

12205253420

112150043634450223350


* 13

113942A04

11928C858

1321756A480175996


+ 5

221113310233220023204301

14204200134423234001310100

14430314000212004030014401


* 7

12251612205

21022111136

261225060102044214552


* 3

1122121221222120

20022211212010021

101110101120122012200010110112220


- 3

12210001122202201021110221100201211010

1012010122210201110101202020012121211

11120220222221222211002012010112012022


/ 5

30121242141204301303003242

304410412300102420112241

43


* 6

115251510050

30411524044

4040014122005201203520


+ 15

4BB9E00D91206C7

562C545A87639DA

A2E7446928841B2


* 10

288224748

959824664

276645221905584672


/ 15

10E590DCC6097912

1300493070CBD9AB

0


+ 6

52045105140405300123442

10145101011401534151455

102234210152211234315341


* 9

814542546

2474242651

2264280288241327176


* 8

2277333222

1211241560

3005314671470412740


% 16

9F3963416865D5E

8A02D387E22CC2D

15368FB98639131


+ 8

37660663412753010320

30372062400706267152

70252746013661277472


% 2

101001001100110000111110110100011011001111101110010010110001

11001111001111010111111110100000110100101110111011110101100

1111010010110101111111000000010100101001110110110100000101


* 10

916625240

668817174

613054702633871760


- 2

101110000000011111010011000110100011001011010110111100000111

1001111101100000110001101101001100000000100001011111111101

100100000010111110100001011001010111001010110101011100001010


% 14

1000421B675270C0

4C56A925C687C3

88B9879A407D6


- 2

110110111100110010001000011101001001000000111011100010000100

110001011010101110111110100010100011011100010100100000001100

101100010000011001001111010100101100100100111000001111000


- 6

41435335305524224010142

2503111420404255423512

34532223445115524142230


* 2

100011001001000001000011010000

101110101011111110111101000010

11001101000101000011000010010011001001011101000010110100000


% 5

22243201013230322433210144

13223343342304313241434424

4014302120421004141220220


* 9

1707366416

803702174

1534314628176175736


+ 7

1032140346144200203314

260431062063325300243

1322601441240525503560


- 12

41B549739241B7A94

A90733AB539604B6

3324963499045759A


/ 13

1017859B35C11A872

C220B4657A886983

1


/ 10

226235585735203892

436153701826196954

0


/ 14

564B6A0517170B98

13B98BC76ADA6947

4


% 2

10001010011101011001011100000100001101011101001001111010000

110110100001001000110101110000001011010011100001011110001101

10001010011101011001011100000100001101011101001001111010000


- 4

213203303200211322030030112301

132202332032010313320132020013

21000311102201002103232032222


* 11

321844906

464215500

13704737274349A800


* 15

170A4497

3BE5ACB9

58AA6CE852A34C3


* 2

100100000011110011101110110110

100001101011101111100110001111

10010111110100111000011010000000001010010100110000010101010


- 4

132202010132300310020311010320

130032033212211011023133113323

2103310320023232331111230331


/ 15

8BD26AE1B374B72

E00395CDB684E6A

0


- 4

112123201102310101311332201302

10311323301100120201113310100

101211211201203321110212231202


/ 6

24150412345504322344103

35441002313450353245423

0


/ 5

11121121033432220123030020

4312131343140240400420004

1


/ 3

112022111122021201120001110212220220

221112000012222100020122102221210211

0


- 12

303229770889B4719

157691AB8A8566A75

167757873A0449864


/ 15

13B7CA7396E43E58

E7513AD8E843E21

1


* 9

565258804

1661178711

1087881373321737044


- 11

81729367735403102

25030670702A48679

576A87A7032465534


% 3

12122011212010011110022122201211210110

2100000202011202201020100101222221201

222010100202122000211221220211220001


* 6

21500043525

231143241415

5502541315542130255211


- 3

2020100222220202202221021112111002210

2011210120010010000120211212120021

2011012012100122122220200200121112112


% 15

893A5849A025835

1B50160EA039231B

893A5849A025835


+ 10

158537124728233922

4218165844331862

162755290572565784


* 12

22A99B35A

235673839

516953071217A88A6


/ 6

112311053521235341513031

12312422141153125332052

5


- 7

416326230640204313005

204244350230462355553

212051550406411624122


* 11

397798A16

102791932

3A7278225284621A1


+ 10

52392447777911635

250823985489250027

303216433267161662


* 12

231366436

1395B2B

2B80991200B3026


+ 7

232233516115302314013

300501311631663405663

533035131050266023006


+ 10

959072914933575214

272627409859054723

1231700324792629937


% 11

741501914387AA123

AA34617A847A6210A

741501914387AA123


* 14

508AC2C

8541B561

303A27263CA654C


/ 10

250010534445364946

578661547679673064

0


- 11

19427091893A87639

53445A5861A1A952

14092597032067797


/ 12

1A84294279A140863

5464702027A3B5B7A

0


/ 14

519B8896D32C3339

4287CC138B15079A

1


- 11

1258311A340518A467

125316826981019532

515477534170A35


/ 16

D9D96C63E5D4D04

B387F0AFFA2F418

1


- 5

31332223140041214303412042

3022442344442324232310111

23304230240043340021101431


% 8

14304037040576137625

55357455245273746037

14304037040576137625


- 16

9DEDED296B2E60E

2A8AD65019F8A9B

736316D95135B73


+ 8

53040432036404156500

6277746126366177136

61340400164772355636


- 8

57445644631602722652

16401753651362065042

41043670760220635610


* 6

32134413540

225240225021

12221123514515344153140


% 15

2AE284B25568229

242188A056A93E6E

2AE284B25568229


+ 8

13713633357047172520

55461453737041112144

71375307316110304664


- 12

391A5A27A41952182

30994184A89839736

8411862B74114648


+ 5

10020323331302221032312441

23241223310413222414242440

33312102142220444002110431


+ 16

3D41ABD2AD7D23F

97070255323FD9B

D448AE27DFBCFDA


+ 15

10A73495DD362C58

12E483379EEA8038

239BB7CD8D31AC91


+ 16

1572A072AD4500D

3A95BC0111264B6

50085C73BE6B4C3


/ 13

B667735473420528

3444145BB9594818

3


/ 4

222310300133201210332013131121

2303320202322223130112120201

33


% 2

11111001110010010101011010000100001010001001100001110100001

101111000111011111101100010110101011100100101000010100110

1110001100110110111100010010110000010010011000001100011


/ 9

4375084525072455114

83444303871358143

46


* 16

A97FBEC

2B5C0448

1CB561C877E8A60


* 11

2A5A8803A

3644494A

A662647774822A21


+ 2

10111110011010010010011001001110011000100011111111110100

101110110001010000110000000011100000100010101000101101111110

110001101111101011000010011100101110111011001100101101110010


+ 10

131653777658049584

596338340140043674

727992117798093258


- 9

3163527516261284363

265344282707683431

2787173223452500832


* 11

1A7893491

1A1115924

3870934A02A920254


% 6

51513010032415423215445

30042254402243354314212

21430311230132024501233


* 5

2424140022432

3401443314031

21030141110413101244114442


% 12

4026000440A0A6B47

98060A05392B2B65

963B88269911712B


+ 4

300110120311330122221123103133

3310312323230001013313220131

310021033301220123301102323330


% 2

100011011111111101010011101010111110000101101001111000000

11000100110111011110011011011001101000101000010011110110110

100011011111111101010011101010111110000101101001111000000


- 7

202623534333563052142

56626106620000302001

112664424413562450141


* 3

200102000001020011

100001120212202202

20011202020201122001210101212111222


+ 14

DD3C8B6457598B5

4CB025CCAD27C78C

5CA410A5149D8263


% 6

111001145210333230133254

13004444133542044141320

10530040142440521043134


+ 14

2879A258438339BC

160154316AACD27D

407B1689B0522C5B


/ 11

4983A242889947062

101808970554937959

0


+ 11

1996489AA30529551

130AA2248979909693

14A9570388AA338134


% 5

24431121112230224310043010

22332141342343404011342331

2043424214331320243200124


* 10

957311170

703298309

673275327047811530


/ 7

241300664033152503541

1234503332402364345255

0


* 11

441678473

29A784604

117A43916716A21371


/ 10

432868566088487707

57962936048389917

7


+ 5

13021040310141220412432403

20243341211333101121334233

33314432022024322034322141


* 10

530650948

879915910

466928211801782680


/ 13

58B7677B38433712

8162B9C9A593BB91

0


- 5

12003402040211043024021403

3412440224110010111104132

3040411311101032412412221


+ 15

23E0CDB1DB8A41C7

1DA329B7399B033

25CB115D6035020A


/ 16

74A052DAE9D0F50

A3A0D0C956BDD0E

0


+ 5

14200413030231343441042420

22031003310222303423120420

41231421341004202414213340


+ 14

3117557B70D58590

50BC8422B05ACA5C

81D5D9A04152720C


% 3

1100100211220200122012222102020201010

2011202012111201212002211102012122012

1100100211220200122012222102020201010


+ 9

508725878027212760

4724241204618530254

5334067183646743124


- 11

1011A995A108534157

67A033157860295A7

442A6644432505660


+ 6

13040235125253115444112

30113354113440451534133

43154033243134011422245


- 12

52A32259A923529B1

51A0360820BA19873

102A85188253513A


% 4

303201212130102212023320133311

10120321133230012012210002300

3033231333231203003230001211


* 6

32054331503

1002431352

32230104111331543340


% 4

300002133031101231020023302230

1220102032220133112231130032

302032210323133311212000112


+ 7

540614630351410605353

262326533221346330366

1133244463603060236052


- 15

9363C0BD9674AA2

3C533D4D33C1A41

5610827062A3061


- 12

34AA331B1BB24102A

13129793648529677

21975747772913573


+ 14

370DD554DBBBB366

648C537828A7CCB2

9B9C48CD2685A238


- 10

986886564052426520

159534858371603665

827351705680822855


- 11

95198479721008A65

425A70A0111084642

526A138960AA34423


- 2

11101010010101100111111001010011110010100101010101111000000

10011110010000100010010111011000111100000010000011101110001

1001100000101000101100001111010110110100011010010001001111


/ 8

63163461654537570134

33642044764177146410

1


% 12

32648525510B23136

35932110487685726

32648525510B23136


* 12

22A95B10

1B9549A09

453A493617813390


- 6

11014035320533444343423

1221344530035433213550

5352250350454011125433


* 12

B644AB87

14B998379

143A18250B64BA663


* 4

100322000033312

10131111230030

1023120001303223231222012020


- 8

63076701216366424761

31621674714103714445

31255004302262510314


+ 12

1B722485114001143

19171974B7422469B

3889423A088225822


/ 15

287858B5A8A7B90

1762D95AD846AD19

0


/ 4

230310013222131302330323001130

103132311011222332312301331013

2


- 7

230443014645356410663

56015330441162250636

141424354204164130024


/ 10

170551375042129881

785063674814830015

0


* 16

1C5AF811

267D7A2D

44366C5FC82B4FD


* 3

1202211121011111200

1012022200012221111

2010021011010201122100010111011020200


% 2

10000110010001110011101110110111011000111111111110000100101

110110100010100000101011010100010010110100101011001110010

11001001100110010011000001110110011010110100111101000001


% 15

BBBB076AD717AB3

1530EB2D79B59EE3

BBBB076AD717AB3


/ 2

101111110101011111011011010001110111000111000110010100100010

101101000011001000100000110100111101001100100101001010110

1000


- 15

613865804E8E7E7

1A23059BD5248E6

46155ED36969E01


- 12

4A3715623954B3AB4

457B49969AB397A32

47787875A6118082


% 3

100112102010201211022202021000000202

201102111202122000001221212110110222

100112102010201211022202021000000202


% 10

15326995635769080

838939654279240011

15326995635769080


- 10

727676200235589281

316972678558547110

410703521677042171


- 12

50004380542091965

83B4B519335B491

4B384A8736A932494


- 7

1334416662420466436302

236161362436466361256

1065225266651000045013


% 4

221132121133330233001002213101

130023100311230202210031210003

31103020222100030130311003032


* 9

1611502155

473868847

810253034282477148


* 11

459183035

83887640

34896580062011A90


* 2

111001001101100100011111001

110100000100010111000001010110

101110100010111011000100101001011011111010111001110100110


+ 4

131011103101133313210333001321

32300330011223200310033231113

223312033113023120121032233100


* 16

1216404F

386FF295

3FCC6DAB9FF1BFB


- 13

16476245062B22258

1202561509427C33

152739B38566C7325


% 2

10111000010001111001000111011100011011101011000110110110001

100100101100000000001010101011010110101011101110000110011110

10111000010001111001000111011100011011101011000110110110001


% 16

9A5B0504F1CB6B5

6EA2659AE3DB069

2BB89F6A0DF064C


% 14

3104A9038A353353

33C62AA7286235B1

3104A9038A353353


- 15

1D0D48C5CC52100B

170E7822843E9DBC

5EDC0A34812613E


+ 7

1000043115023106535656

245454460052221231621

1245530605105331100610


* 5

243021434412

3220010144000

2004144341103410112433000


+ 13

59C35362286B41B8

415995716C245560

9B50190397929748


% 13

134A43019356902A5

13564461C9A17491

12962B5B65232B56


* 13

B7B4540C

CC262117

B71C32A2549A1256


+ 15

6C692CCAAA805C0

224E7AB02AA83AD

8EB8A88AD63897D


+ 13

10A56376091624AC5

1041BB3129C583385

211751A7360BA817A


* 12

10986A3

40362524

4367401B5892B0


* 3

201222120002212011

1200110210221102121

1020122202012221202211022122211100101


/ 13

8A7241300A31A154

7A627CC378926133

1


- 12

463118AA51698B7A2

43A70242277302164

246166825B68963A


* 15

7C9828

3EC3BBBB

214196C7DAAAAD


- 2

100000110011011011101110100010111101111111010101110110011110

1011010001010110010101001101001011100011100111011110110000

10101100010000101011001010101110010011011101110010111101110


% 5

21311321042002112232242130

23310122043300214321400442

21311321042002112232242130


% 7

323305544463336013551

332150400501652211660

323305544463336013551


* 13

28350A5B

588A9877

11C23A904471370C


* 11

30552787

4558870A8

12790683282095571


% 3

2102022121012112012210111121211221221

10220002210221021011010021112002202121

2102022121012112012210111121211221221


* 15

489AB665

96A2643

2D35CA97E6E2E90


/ 16

DCE0D99FD5507BE

2CE851FC5984A47

4


% 2

110001110010101111011111000101110010010110010100101001111100

11001010101101101100100110111000111001110001001111100000100

11000011101000001111010001110101011001000001010101101111000


+ 5

1332324032110431334142441

21003221441110234442443441

22341101023221221332141432


+ 14

5B1C2393544C17D4

10B22DB7BC7704A7

6BD0536B32C51C9B


/ 12

42399B66A5A2744A4

95A44808A8041BA6

5


% 2

100110010101110101110001011100010110000000110000110101010000

111111110010011100111000111110111110101101101010001111011

110011100100111010100111100110110101001111011101101100100


+ 5

133034102213101304332144

11002433411304140234330123

11141023014022242044212322


+ 13

A7B8167184AC3748

14CC5A90A8802A23

BCB77432605C646B


% 12

24BB031A1061A239A

40740B608843235A6

24BB031A1061A239A


/ 12

37376509743235681

785465694B6BB04A

5


/ 14

13692B044C815028

15719B138ADC0B81

0


/ 11

1389A7A110A9049213

53859064831339613

2


% 2

1100011010000100101110101001101011101011001011000001100110

101101110011111011011000011110000101111101101011000101100100

1100011010000100101110101001101011101011001011000001100110


- 7

536264514603556466503

506202003361662210100

30062511211564256403


/ 16

83FA3CF244BC27

98EF1C18C695FE6

0


+ 14

25B611B8DDAC1995

4A4AC755D010AA3B

7222D930CDBCC5D2


/ 16

C244859938E0301

36F1BCC4994CD9B

3


% 11

1A3688822834786994

19893941061016432A

584A412224622665


* 7

6135015612

31412224152

260351532033156462654


- 8

34402337763364453114

5305161370012163721

27075156373352267173


- 8

37607773134346110215

2747251256043647140

34640521656302241055


/ 10

387163712967621181

408173875197662124

0


- 4

231212201111322021100203200333

123323101203320222020032230322

101223033302001133020110310011


% 16

8E15FAE18A9A68C

A616636E6B4DA41

8E15FAE18A9A68C


* 14

76333BAB

5DCC48C8

328B0DC09BC58384


% 12

662B603B75A279A2

13A18B605B60B3150

662B603B75A279A2


/ 5

24014321040200410142100230

2031443210320140313411142

11


% 3

11111220120110002202202220111210122022

2111101221201001022120112011222010201

2000111121202001110012101022211111121


% 14

5756295A0B2172B1

A8CB2A9794A6364

2D0840D31AC5691


/ 10

376002672627567061

246802420466146560

1


- 11

129789683A38327673

35AA65757870931A4

A379310926124447A


- 12

362132764615312B0

314A350A937960A11

492B96772579049B


/ 10

548484538812363596

250220703341821610

2


+ 5

14242423020400033124204103

24110300343133114004401333

43403223414033202134110441


% 11

15A64662510398A218

17A5356934A1635565

15A64662510398A218


* 16

2760BD23

3034CD86

76A42BA0F340752


* 2

11101101010100010011110000111

10010011011101000100001111

1000100010110001011011010011000110110001000011111101001


/ 8

5323521733031723446

45511520054134007413

0


+ 4

2321330331111133011021323012

123303313030331331313232331013

132231310022103130330320320031


+ 12

5055703B75A998959

4B1AA4175AAB7B409

9B745457149958166


% 7

1001451326013524136360

131113544006213430531

113660153646333453303


* 3

212112022202221102

222110202211020012

212001220222001100002101010111011001


/ 7

452136524423201003345

1333563500655430334136

0


* 13

1593C083

3874C28B

536341579B480A7


- 4

202103220003032013230331120010

111322002121322301011030100302

30121211221103112213301013102


+ 11

11376688AA749A4282

77531726420194600

190198506395088882


% 10

741713199745646907

245372135955887705

5596791877983792


- 2

100100101101010010001010111010000101100110010010000100111000

11110000011000011110110000111010100101010010111011000001

100000111100111001101100001001001011000000111111001001110111


% 5

1330403340413232204121033

10213323341322014413203342

1330403340413232204121033


- 4

310322012203233120232200330212

213230232022301120021312120100

31031120120332000210222210112


+ 15

1A5DA85A091B991A

4DCD0C4E303E497

204B892EEC208DB2


/ 2

10111100010000001000100101010111011100100011000100010111

100100011000100111011110110101110101000100000001011110100111

0


/ 13

2610372017A01992

41395007138C79C4

0


- 10

758730393133567775

182378633581150973

576351759552416802


- 14

23B41AD19D59C12A

1DAA85DAACAD7A04

40774D4D08A4526


- 14

463593B98184B584

C9646C63974267D

377D4AD346108D05


% 15

ECD3894E888D10C

155111CA68026B42

ECD3894E888D10C


* 11

281824579

4709995A5

11806272A111461881


- 3

12010221000101202122102212221111102202

10112220002102200221202021010112112022

1121000220222001200200121210221220110


* 3

2222111201010102

21120201201112210

211121110101102220200201101100120


% 11

2284258812421418A

164A47A75560237102

2284258812421418A


/ 11

A748373634756272A

16A803A63A84945958

0


* 11

472127431

363620980

157008711669107080


% 3

220020101222121010101210022202020020

10021012222012100211001221102210022020

220020101222121010101210022202020020


+ 9

1863084635671151050

2607740046354561057

4571834683135722117


- 10

816214851505158322

596629997817809831

219584853687348491


* 5

1211344444210

3113013403122

4333222102400321312034120


+ 7

1225556633264625134214

412045361063210654443

1640635324361136121660


+ 15

2374B34646E1B809

2218B1754467D7D2

458D74BB8B59A0DB


/ 12

4B681527A6A4B6A2B

508290B753A168290

0


- 15

17E18EBAD492CDD2

858B8022910833A

E87C6B8AA824A97


/ 7

545201151123152115645

502366541606616165135

1


* 10

161921947

210524399

34088520577084853


* 11

1A523AA04

236357452

45A2094A672942498


* 11

64A4430

96974A8

57097509901920


* 5

3331041104431

240244331341

2023120300241034341204021


/ 11

4545328286A54A306

1632A2233517413972

0


+ 2

10001101010011011111111101100100101011110011100001111111001

101100111110111011111100001001100100010111110111000000010

10111010010010011011111001101110010000001011011000111111011


% 10

17023676279330865

835541177114423878

17023676279330865


* 10

977951325

905416467

885453233579468775


% 10

874835621311210941

754248342213411312

120587279097799629


- 16

C7C4EAD550947C2

862866836275462

419C8451EE1F360


+ 15

1CE8901D811A363E

1A4A7003C5CE4C7D

3844102256E983BC


/ 6

12121513451235211234210

11520515355213151425212

1


/ 14

61234BC0C81725B3

3387D42980A19D05

1


% 10

538222541614871518

564952582440222483

538222541614871518


- 10

367482127203575896

120032345980635177

247449781222940719


+ 12

741AA0763A9386A9

33114A7A01A74511B

3A533885659481808


- 6

40042343551342441014552

14300213055033150532352

21342130452305250042200


/ 16

99D25FF50D95A

23E2F528FD0CB1E

0


* 9

1843071530

2310004276

4500626807358747800


- 5

13214143442122404020434241

2300204444302124221323230

10413433442320224244111011


+ 2

101001001010111110111000010001111100101111100001001101010001

100011001111011001111101011111001110100100111100111001111000

1001100011010011000110101110001001011010100011110000111001001


/ 8

51564067333451357160

26742103521643076002

1


* 5

2200244331044

2200424101231

10343304000401003124032314


/ 6

41020243232435114242502

13510323022534553225402

2


+ 11

169881613A91826273

99839A1818AA17876

258610531171743039


- 8

21313030315436165570

12236327064144013066

7054501231272152502


- 9

4726614531683212352

124016672440655701

4602586748242445551


% 13

1040003BBC44B89A0

641C9727CCB74571

8907268C479CB8B


- 4

223000033211233013212030120112

221002011201030223031211020000

1332022010202130120213100112


% 6

43114114225050440400331

2324130452411154141505

1243402122045305450005


% 8

40533475277252426261

30201526061066277354

10331747216164126705


+ 10

758818134529772859

748649803951038883

1507467938480811742


/ 6

101441404104350232450430

13514302003134345031320

3


+ 2

1110101111010011001000110110111001000011000101110101010110

11100001011100110011011101000111001000100000111111000000001

101010111010111001100100011111110010000111001101101101010111


+ 16

93A1EFE5C0266E0

940F7B871B499D

9CE2E79E31DB07D


% 4

12032321033132323312102322011

212100301211230010311013023230

12032321033132323312102322011


- 7

1320135123356434303220

343154216252100230051

643650604104334043136


/ 12

1762B669756707278

343B1A87524321A24

0


+ 13

627A2A64B777B34

22A4472638749994

28CC19CC871C47C8


* 2

10010010011101011111110101011

101010101110100101101010110011

1100001110001111110010010111001100101100000010001010010001


% 10

260422217100047490

324919412652850023

260422217100047490


+ 5

10032142120423422022221210

1420004142340132224214133

12002201313314104301440343


% 3

2102212201021111020221121020020122012

11010020202111210020222221022122210001

2102212201021111020221121020020122012


+ 9

4448424606321714361

3648567666885132118

8208103374316846480


- 4

213021323103320202102022001133

13303001301121101232201011003

133112321202133100203220330130


% 16

2C20FD3FF9C038A

A65BD457080A3B3

2C20FD3FF9C038A


* 2

111010111100110001010110000011

1001011011011000010110111011

1000101011110001000000110100011101100001001100010110110001


% 6

53245322530350054332035

22002551255311124521421

5235335531323400444353


% 10

558774920869274083

632042374570991749

558774920869274083


+ 13

971246CC418C7A27

CA9688331B998595

194A90232605932BC


/ 14

1CDD219A0711730

13854B8B26B9905D

0


- 11

15A46AA3635A46A14A

9117021A85739429A

792AA816603085960


* 6

144310231120

142033053322

30315055200324121505040


- 6

54535341254542344204353

13445332022231422041250

41050005232310522123103


- 6

32041023214051523521142

22011401354025050034545

10025221420022433442153


+ 2

10110000010010111100101011010101101001001000100111010011001

11010101001001110011111011001001011100000100001011110111001

110000101011100110000100110011111000101001100110011001010010


- 15

12842257364BB448

C161663C9395E95

56D0AE35C1254A3


* 4

101001013221211

311321303102003

32111102331323320102202112233


+ 12

127B54B8182874884

3A959417A7A117114

5155291404098B998


* 9

572300150

1268822586

753400261140512430


* 10

850315891

96097108

81712898011543228


* 12

11194423B

217A3B457

2413A3B9485B497A5


* 4

213121010022110

113210101330110

32200111220310321232101332100


- 15

16121C034EDC923B

1059CD8AA6474109

5A73D6798955132


- 4

303201223223002211312111111110

100300202213132022223020310133

202301021003210123023030200311


/ 4

30013213130111032322233011313

300222203213332310310232233033

0


% 15

18C10C6014CC10D

BB6DB5026A07E05

18C10C6014CC10D


- 14

64CD47582D34BDC5

1635CC48535CD467

4C97590DB9B5C95C


/ 15

1C80E9CEC788BACE

BC0E18BE8985C79

2


% 14

54304AA7499A5062

6090066737DB72A8

54304AA7499A5062


- 4

210310312230233110301001003223

132130020001112201232320010232

12120232223120303002020332331


- 10

705747762592415620

351177088327273519

354570674265142101


% 3

12220101100202122202011211210221111

11101021022120022221102021122110020010

12220101100202122202011211210221111


+ 14

4072D00A1A695288

B52C4358DAC5266

4BC5B441AA37A510


+ 12

416B6787445762081

355189073983A2146

77013492821B44207


+ 8

12221670107130751401

21114740337157131635

33336630446310103236


/ 9

6314712426227353383

443764540551003010

13


+ 12

1A014051A6492B96

397160433850AA8A1

3B51744856B581877


/ 9

2317757856657714121

5353502471280636152

0


/ 3

20110001022111220121202111000121022222

20120000202010121222210020112020022102

0


* 12

B690B88

149385000

141B8AB5647B4000


/ 16

3E0D5CE6E05C1C9

4DD5D79EE5C1C22

0


- 11

159329199339451933

1570A884547A477531

2230453969A85402


- 14

49A7673800C0189C

1D161937420CC17D

2A914C009CB1371D


/ 3

2121002222010111000011121011111101100

12110202210220220100212002022202211112

0


* 9

1784552685

1553576452

3043711510711435461


- 14

4A990D5681244B05

4300D95579A78234

7981401055AA8B1


+ 15

4483D5A51D71E28

9D328534839167

4E670E0866AB090


% 9

823821412532482633

3226348778701744431

823821412532482633


+ 6

31303213502003330532404

31112453155344030241403

102420111101351401214211


/ 11

51AAA987526142323

8375330A624338380

0


* 4

233103223032121

320111101311211

221220330131212232030203001131


% 4

232031003013231211013101031202

202030123233232021001313330102

30000213113333130011121101100


% 2

10100011001101111101101001110011110000100001011011011110011

11110110101001101011101111010010000110011101001101101101100

10100011001101111101101001110011110000100001011011011110011


* 3

2120101021021021100

1221210121220220

12000200100110200212221021022112000


* 4

122221302111312

213313022303310

100212130011223133320233301320


* 9

257685303

2073865167

548243020388267823


* 15

3E5E3E85

5B8A44AD

17CC7A6591C6A785


- 11

105312545161A3097A

1214243946216652A

A31801067AA875450


+ 8

64663364330615713725

23637400353007672106

110522764703625606033


% 10

203376138735502693

235832248945347717

203376138735502693


% 15

1A9280DA645422C5

1BAD63DE6B95A9CE

1A9280DA645422C5


/ 7

536024343031125060324

461604361363353234062

1


/ 14

640642B1C3C26D89

1D1BB4206831C30C

3


- 6

53405350141023312341443

50355550552552002535051

3005355144031305402352


- 16

7B77F03A4DC32F7

22EC065EBDE0DEF

588BE9DB8FE2508


- 3

20112121102020012102201011112101121202

2221012112002211012112010122011221211

10121101220010101020012000220012122221


/ 7

1235032616622202005552

525016345504000213324

1


+ 15

1CB12E13A6D29280

21C7AD610A7037EE

3E88DC74B252CA7E


+ 13

6847144C8743448C

14506A067203BAA2A

1B050B4B6A78221B9


+ 7

154366131050602441324

411322315065601354006

566021446146504125333


/ 12

3318014721632A82

3B0500625A635A80A

0


+ 6

42154124411421453330445

32451111131511134045555

115045235543333031420444


+ 6

22004334343115404522423

112525054530000541320410

134533433313120350243233


% 2

110100101111100101111101100000100001001110101110100100011111

10000011110010010100100110000111110011101110101000000011000

11010100101110001111001101100101110101001111100011010111


/ 7

663226450256165333654

665134633341312644306

0


* 5

1104300213232

2043234434130

2323133133014434412224210


* 15

23049466

501463EE

B045C9D85507489


- 7

1264516421641534112022

546243125416126633616

415243263222404145103


+ 10

341590023298468704

259236664281798510

600826687580267214


/ 2

101001100111101011010101111101100001011011001011010111100111

1011111110001111101111010011110100001110001010110100110000

11


- 5

20201411204202044011222130

3430121321222311121324120

11221234332424232334343010


- 16

BB7B5023C63B8BB

21C151672F1CE2

B95F3B0D5349BD9


% 16

69177DCEE002A6

A22605594CB1C8F

69177DCEE002A6


+ 10

642067003808241023

936666042028997205

1578733045837238228


/ 14

2B31572C9164DC9A

7D449872AC83068

4


+ 9

3472548307427008381

2103083334844405564

5575642643372415055


/ 2

100100001010001001011000111111000101001001111101111110101101

110010100100010011100110010000100001101111101000000001101101

0


% 14

38D27681928722AC

173AD7AA1D855B20

8588509535A486C


/ 14

343B717C60A35B4D

39781BCD4961D23A

0


- 10

606764578339085988

168280898345723320

438483679993362668


+ 12

165744B8B731A0102

384142805A6627638

5298877955980773A


/ 10

755389759586808489

744339278719977774

1


% 15

1B550884AA242A3C

1DCA5966A74D10CE

1B550884AA242A3C


+ 11

91216231506026797

486A94550145945A9

12991468651A610295


/ 4

233323032000330322112001320002

301212212110322030233323103321

0


- 11

16888777505A133A65

1236642578893711A7

45223518280872869


+ 3

10020111100022122020121101001022220120

1121020221102012220212012102101012210

11211202021201212011110120110201010100


/ 3

1112001221121022010020222120020200202

220110000112110002211021120020020210

1


/ 13

C11B236B71B02BB8

112787356C737A381

0


/ 10

767462123096342106

473934526802113297

1


+ 15

10E8585364377B9C

13DE047BCE2E866D

24D75CD04367131A


% 6

54252533215544041405212

43445241421122055351334

10403251354421542013434


/ 4

111211212330023212303020022313

302100022313221030331202001313

0


* 8

7256377655

6736121554

62715051547026601774


% 7

511422002451243060601

245405654513552321432

233013014634360436136


- 9

1242876148565728761

1137804136057312826

104072012507415834


* 9

343812742

644672507

246370122118158825


* 14

436C560A

5D84B6CC

1B533C147C740128


/ 15

D8D01E8D4648CC2

1585E5EB087C3C9B

0


% 15

816B0E625E89E6B

15062498728C0271

816B0E625E89E6B


- 12

22439312723806878

A9708A7972933BB1

13688626970A92887


- 16

DB0453508F8ACB7

5374161AB3ED062

87903D35DB9DC55


% 10

718014578764891763

379525891125372891

338488687639518872


/ 8

54627052705143535301

11042217247277253365

4


* 15

44373688

CA052E3

393A8C4D4659529


+ 16

7FDEEFD4E83D131

D26B0E252FD614F

15249FDFA1813280


- 4

220033010130032113021232223011

1212120101232100013332201102

212220230022200013001300021303


/ 9

2274684654382221520

3722421840755146106

0


/ 3

20020101010010010222011102120210120010

101211021100112200222120121110011222

120


- 16

C75F17A6AC8212E

750F1F611BFD51D

524FF8459084C11


+ 14

19D48590679D1580

4A0A19638610C8D8

6600A1140DB00078


+ 6

101203510553352032014344

50045041301502403540053

151252552255254435554441


* 3

1222122010122021110

2011100020112210212

11021220011112112212000001001201200020


* 10

936676564

975549600

913774447339574400


- 16

9C58D71E493C684

5BB08859122C255

40A84EC5371042F


/ 16

66170A3BF74D503

9AA6E3A8EF6CD16

0


- 11

57A92013624568511

13179A303AA432289

44913093225136233


+ 16

10B06B65EDC6EC4

9998C75F4470A4E

AA4932C53237912


* 12

A8694B3

1920687B

16A997282076109


/ 3

11210011212220012121100021211022100202

10222021000212202121200221002220122022

1


% 13

14CABBC192BA6B873

81092A9935AB2BB9

1A966383901A5A9B


/ 7

505165044145664501650

1141566613420144563636

0


- 5

31011130424244431023240210

11012104331322003004440230

14444021042422423013244430


% 16

5C53FF53AB2FFE5

527C760B96814C9

9D7894814AEB1C


* 5

114134400223

1024340214142

123202013031223040230321


% 12

3101905266959A311

1825218620232A332

14986A8846726BB9B


* 16

1812FF61

2A9F2C96

40215E3E6454ED6


/ 15

7A753739D5B1696

1D837E02415DC1AD

0


- 6

35313130140432432031244

25513441155221241441020

5355244541211150150224


- 3

20121100121022002011201212221021200110

2101212110101022202100221220002001200

11012111010220202102100221001012121210


+ 3

20120200220102000020002012021210100202

20011222101110101210202010211102122221

110202200021212102000211100010020000200


- 2

11100001100010001010001010111000111101000001011001011011010

1110110010011101000001000111001011101000101111000110010101

1101011001110100010000001111111011111111011100000101000101


+ 14

429207A83D2A0B25

4C8BA5957399AC72

913DAD5DB2C5B997


+ 12

39302404409671A67

105772536A1B0A085

49879657AAB57BB30


+ 8

35056313636747134400

54775665031571535230

112054200670540671630


/ 14

4D272307395D1793

369638BC22388DCD

1


* 15

55B06AE5

240CD80D

C3496E1C219C265


/ 16

34A768BA63011A7

52FA99AFBBDE62C

0


/ 14

471473D76879992

49766437050AD52A

0


* 10

718811450

421150637

302727900050393650


+ 10

341224510147166014

716279777733034905

1057504287880200919


% 11

26A7846A9A7664004

1A306417A290107323

26A7846A9A7664004


- 9

3485608647283147628

3050647231274234783

434851416007812735


% 2

110111001100111010101111100000110001011011111010101010000010

101111010100100110000010010110100000111110011000011001010111

111111000010100101101001010010000011101100010010000101011


* 15

54A379B5

2003192C

A9687DA6A2684B0


/ 6

20230454243141433224124

3555034131255325120241

3


% 10

378025352701490856

328734872331821146

49290480369669710


/ 8

25706222230051072141

20453536247746242650

1


+ 15

22CE3E0CBC1B7386

1D9E08B89C2BD21E

417D47C6694855A5


/ 10

437487792586713751

82913192830034688

5


/ 16

764D67536C73E51

D16ABE7933D4751

0


% 11

161524592216802782

A3A34539A34856643

685A0053291A5713A


+ 8

17755052566423402714

25351425367030237344

45326500155453642260


/ 8

37312771042621534570

10245353016401276546

3


+ 6

20440530001153133303445

21115110515413405151124

42000040521010542455013


% 10

493303281644557694

487837758650431270

5465522994126424


* 9

1886555700

2150804062

4305556322407108500


+ 2

101111011111000110011110001100001110111000000011110111101110

10011100001000011100000100101010011010000011011001010000011

1000011000000001001111110110001100010001000011111000001110001


* 12

15070511

18A894862

2582837A940A8082


% 5

22303214211123303232240032

4112040114441430320344433

4024033421134342040440111


- 12

5014167B388138207

4A04682157635A78

47338BB923070234B


+ 15

EDED721D67CD969

C029D4CA5CD0827

1BE2856E8C5AE291


+ 5

13212023124102320224234024

3104330210243142403444132

21321403334401013133233211


- 5

12413100114122334110100032

212210420004124411010433

12200334144113204144034044


/ 3

1202101001000220202120000120110021122

10202022110202222120000110012222011211

0


* 3

2120010202111022211

1001210110211212222

2201201220002001001001222001021020012


* 16

2F56D6E5

113EBC63

3305E2354DB468F


/ 9

1465044602315421805

6431178627607612235

0


% 7

1205365313435404445534

1143606116521264221636

31456163614110223565


% 3

10201200222100220121021012012120102221

12201001202002010002112002021001000210

10201200222100220121021012012120102221


+ 2

10100010011101001101011010111101010001011011111010110101001

101101010100101110110000001001110001000010100101001101001001

1000001101000011000011011100001011011001110000100100011110010


- 12

40A0422822273B617

1A701B9B4844AB046

2230224895A250591


+ 7

624614521466415560313

1200046303651563266554

2124664125451312160200


+ 12

131953B961200A24A

262025361284B1B47

3939793373A500195


% 3

11102122102120102110111100012110011111

2201121201120221101211121222202012221

1201000200222111001122201012200221120


/ 2

11111101111111101000100010100111100000001010010101000110001

11101100111100101010000011011111100111111010010110101000100

1


* 14

94A2A548

7CD57A07

54012BB3C7346540


/ 7

1166043266432430235235

644536111246133562464

1


/ 2

1010011110000101011011011101010101001010110010101101110010

101000010001000010111011110011101010111110101111000100110011

0


/ 4

301231020203103232200002331230

130202231013212312212021213011

1


- 6

51503542525350255305122

34455333250141122323524

13004205235205132541154


% 9

3232712804213474652

2248615503473875855

873086300628487686


- 6

113031225140224533352043

102254141400143433005325

10333043340041100342314


- 10

754139143887924211

521483264901133353

232655878986790858


+ 10

217673700156033455

562259574596226269

779933274752259724


/ 5

13124432413024140211022440

3011231233213410033301001

2


/ 6

35244102423543435544035

12352332531012355213102

2


- 8

47343775476605546457

37166460716042715035

10155314560542631422


% 8

61302221421570261103

47360134476356606152

11722064723211452731


+ 6

41222435401410413311511

113130043554551144412234

154352523400402002124145


/ 3

20120120021102222210011222120020002211

212101021221110000112101022021110122

21


/ 7

553500462152545161145

524453336246331325263

1


- 2

101011000101001010011010101011101110010010101101011010111001

11000100010101111101100001101000110100000101011001101100101

10010100010011010101110011110100111110010000010001101010100


% 11

15907402519A651351

151977156080AA3859

71A797A1196585A3


- 13

88066A021A9C1AB7

53A7C21A87A3A130

342B77B462C84987


- 15

14BA24232C999A59

47D07E8C34A14A4

103C1B29594E85A5


- 9

5831305102410754008

5816853428134301071

13341563265452827


/ 5

3202204130311113234403033

4324430022003230340320002

0


+ 11

1783152227A1795734

1782089A48637080A3

3455231175553A2827


% 6

104024251235504214530353

45543400434403523331313

14040450401100251155040


* 6

30002553531

12125112123

404314202420040013553


/ 3

11122121212022022011221020201000222202

12011010202021121022200102021002020120

0


- 13

11214A2476C515620

179306196CA77042

C751992ACC76B5AB


/ 2

1000101111101010110010001101110000100001001001100101110

10101110010111100001011110100101011110010001000110000111111

0


* 10

665086800

875810211

582489810641314800


* 8

1446173372

3541724433

5640017333700613136


% 11

7580705A1220087A2

6A999298068078545

5918872064A40258


* 4

101233312123122

222113211221021

23233330112213201302033200222


% 16

39F3C91C291D69B

2BA216E579E9715

E51B236AF33F86


- 8

35261412246377430257

17244345657735761763

16015044366441446274


+ 7

1305323013462303643140

1321602552400325562244

2630225566162632535414


/ 16

A8DC3172E63FB9E

324DB1E0A504A08

3


/ 7

1443103510020556501155

1266562136534452466646

1


* 5

1344132130342

2213041204142

4203014340041221403104214


* 12

637B4995

B3577B57

5B21BA87B710526B


% 5

12210101143411411221421224

21400002012132234204042320

12210101143411411221421224


+ 16

A1F9CCDDADDBE65

AD10D693C5E2600

14F0AA37173BE465


% 13

3A4C1706938806C1

62A16B396C488B14

3A4C1706938806C1


+ 15

D58653516AA4E64

17C675BA94506BD6

262EDB00AB0ABB4A


/ 14

40637DD8C3651A0D

356136413A0310B9

1


+ 2

10010101000100010100000010001000011111011011110111100011110

1100000011111000100000011110010001010001100101110000111101

11110101100011011000000101111010101001101000100101101011011


* 12

232304658

117871345

26AB0945B97851704


+ 4

210130022112003111000220031000

111200013313002203210300121313

321330102031011320211120212313


* 10

899466868

961174032

864544196165971776


- 13

9851B321B6559721

4A9A416C4A725C28

4A84718268B337C6


+ 15

18C768CCA365C59E

22650E2E33CB89E3

3B3C780BD7426092


- 14

12A19D26A4BA6161

D837C927626A720

31C20742C939841


% 2

100111100000110111001010111111001100000111110110011011000111

100001010010011010110111001001011110011001110110011100011010

110001110011100010011110101101101101101111111111110101101


- 10

513183086738131446

395987163493875300

117195923244256146


+ 3

10112121020012222012210212112111212001

1221211110112222111000101000220210102

12111102200202221200211020120102122110


/ 5

12022232321100022041123413

1302320342343141022402030

4


+ 9

3758348770037674356

6264001671140451088

11133351551178235455


% 9

2318248353714600163

1828134808021346775

380113444683242277


% 6

105025425354203303324052

111143311013035243203513

105025425354203303324052


* 16

1E5E1244

1CF13621

36EE6FA63FEB2C4


- 15

97A6CCAA6A15AB8

82101C240592B3C

1596B0866472E7B


% 12

24850A68405416968

491461B9298773947

24850A68405416968


% 9

6404432723611118206

816083310686205408

66676337232466034


+ 16

A989971BCA0F6C3

B15FA43AB501927

15AE93B567F10FEA


- 9

5741658571118165855

1136808087663026425

4603750472345138430


- 8

42167726012055443024

13550223337677742356

26417502452155500446


* 7

12363403332

11356146420

144511352523234164040


- 13

11AC7B7C7A31333A4

C4512A9BAC44A51B

26768A28C39B5B86


- 5

11400241412423111302404323

11314221144110021400144002

31020213313034402210321


% 8

3161070076644735713

41327046515140405135

3161070076644735713


- 14

36D08A72858CC5AD

348ACA94030B13C5

2439DBC8281B1C8


- 10

829234803433764070

170818834792076225

658415968641687845


/ 11

55845921433221188

175676101835A05152

0


/ 10

138447074970575821

135867098063398642

1


* 2

111010000001010111100100110100

10000101111100010001011010100

1111001011011011111000011111111011001110010100011100010000


* 10

26017052

6099234

158684088138168


* 2

1101101010110101000111100011

101110010111000100001111100011

1001111001101101011110100000101100111011000000010101001001


- 7

1134063363154522435313

224640130002351626456

606123233152140505524


/ 4

223110200021331333231122032031

12331021001000000133132213223

12


- 5

21223030123043210304031012

14012402221014340211302102

2210122402023320042223410


* 10

835557143

429547092

358911140975478156


* 14

592B38B4

2817B24B

1084039DADB01A02


/ 9

5344677131710868024

4520467710455357282

1


* 3

1011110220221010201

1220221201111001102

2020120101202212200022111020112012202


+ 9

888315456412536276

3718446282510107768

4717762750022645155


% 3

20010012110002102211001111202122111222

2002011222101022220012001112122001011

1221211111022210000200101200101102200


* 7

20552052365

11350523514

240322631003121136536


/ 14

2D66DCAB97B3261D

B41D6CA1D333554

3


/ 11

16539701AA29AA035A

137436A67431820657

1


+ 16

A0D8411ADE0204E

3927D23E2CD286A

DA0013590AD48B8


+ 5

30203221213110413324440203

30334104141221211002410424

111042330404332124332401132


- 13

1557C9800088C72B2

797B0BB633624658

A9018916A52A2957


* 14

451761B2

523A7B61

187639476C57D692


+ 7

1013412401662536146602

224452113630222113152

1241164515623061263054


/ 4

101312132023320202202223310310

113002111111200301223132332311

0


* 9

2007263310

1668807224

3463532261316703540


% 12

530B0597632B4923A

11916187791742A3A

804BAB0B285B9906


/ 8

32304113522672227767

5664345000316147654

4


+ 16

1D8465EBFBE6E5F

44BB00ED8B8CEE3

623F66D98773D42


+ 15

19CCB1C06DDCC2CC

20E3891171A54B8D

3AC14AD1E0931E6A


/ 6

21101102354144531351423

11323232102403315051455

1


% 8

22203642544471735553

24054277104472640213

22203642544471735553


+ 8

36442336346060516107

14404105616752566441

53046444165033304550


* 6

54111002234

142540555022

13544445212150553420032


- 7

1251632202102250426042

1004346636622402352636

244252232146545043103


% 6

54140015430253344523305

100110314134510445241044

54140015430253344523305


- 9

3063451785244631863

1453338566872826750

1510112217261704113


- 9

3546872611727060600

3383452783631551622

153418717085407867


/ 12

26403628668101B77

33946505171A27B52

0


- 12

19791469A99347138

14503A6B03696B173

52895BAA62597B85


/ 6

14315054353051343254332

12453532312402302540143

1


+ 2

100111010101101110000111100001111001001111000000101100111010

1011000100111101110101011111111000011110101101000001110110

110010011010101011111101000001110001101101101101101110110000


* 12

189263065

192664709

3086302158A678399


* 5

1020111331330

2314030144242

2421231211230404004023410


/ 14

14A5253A56D88BD

10242A204D3056A4

0


+ 5

4140002322332041344443211

30201123032424144021421321

34341130410311240421420032


/ 3

20022110012020121000010111112201001202

1211211210121201122100012101211112022

10


/ 4

120101313122230322323313000121

32300130010223211023130030002

1


* 13

7405BB

A3C02167

5A406116B8765C


* 10

362368340

666658100

241575789044554000


% 7

632652555362110604624

316042266455403532643

313610255603404041651


+ 16

757893BEA7375C2

154A79FBF63381C

8AC30DBA9D6ADDE


+ 9

3364008307171405311

4452002615827368038

7826012024108774350


- 7

2564140223431410304

1564345505242414545

666461415155662426


- 15

2312BA15275262BC

E509CE15BC40BC5

13B21C23BA7D55E7


+ 12

40A222611AB48357

169A7A62775440777

1AA8A088894388B12


+ 3

100010222110110110202220001211211222

220112200221201120212010111122211200

1020200200102012001122000120111200122


+ 4

303202302102111203133030222000

112222310102202112021310311202

1022031212210313321221001133202


/ 15

5CB739AC3448D75

192714E4C620B09E

0


+ 13

111113275B8554377

34B00989C34AB933

145C13C32ABA32CAA


- 9

5240773850865615727

2810542328764153245

2330231521101452472


- 16

69A69E4AA2653CB

1E9601EB2614C47

4B109C5F7C50784


+ 10

731177022989145923

249228009898966481

980405032888112404


/ 16

A0834ACE98AA25F

6CAA24B802E1760

1


* 15

4A34A393

8249740

2828958300B0CC0


+ 13

148A26049841A15B0

B19A8348579695B9

22A7013950BB3AB99


+ 3

11201220020201020220102201201021020111

12121001011111101112200012002002212122

101022221102012122110002220210101010010


% 9

3345747743602847346

3370741705345545625

3345747743602847346


+ 13

14442A35848917690

BBC57C236492626

153322B4A820A9CB6


* 2

10110010101100101111110000000

110110000101011100011101111

10010111000000111101010001001110010001110010100010000000


/ 2

110010000011001100110001101101000100011000101001011011110001

1001100010000100010010010010010100101001001101111000111010

101


- 2

11100011011001111010011000001000110000000011010101011110001

1011101010111011000000110100111011100000101111010111000101

10000110000010100010010001100001010011111101011010100101100


% 10

843682055288415674

772713195227944038

70968860060471636


- 9

6221044543055281310

2255012225243787714

3855032316711382485


- 12

46A1A70B914359845

4370487211205A124

3315A598022BB721


- 4

220223000333333131112013221132

220113321301103123331223231322

103013032230001120123323210


- 9

4756435554181107486

486725344820304226

4258610208260703260


% 2

10111111001111011000101010011111110011000010010111100010101

100100010100111110001011000110000011100101111001110100001010

10111111001111011000101010011111110011000010010111100010101


+ 13

1C6C0C5A5C9713CA

10CB32440B207A02C

12C52339B41A1B429


* 7

20261460441

14535146422

331641055654045645032


% 3

100010011222000202011110012100022

12202001011222010200121012110211001111

100010011222000202011110012100022


+ 2

11101110101100110110101110000011100011000010111110111101100

11001100100001000111100100011000111100001111000111000111010

110111011001101111110010010011100011111010010000110000100110


* 6

43324325515

5311132221

412333235332204020055


+ 12

122A05364486A3623

BB5B399A97556085

2223B9143240396A8


+ 9

840447588315133351

80227176411524366

1030675775726657727


% 7

435464340601302531563

1201063036220346462062

435464340601302531563


% 3

10212210011010211201000222221201110102

11111000220012102111011100111100001121

10212210011010211201000222221201110102


/ 12

AA1BB1305820A424

42AB77936B02426A6

0


* 14

305D4951

70520D27

17413A2088425497


+ 6

45403245123050255235035

41103133143151315313535

130510422310242014553014


+ 4

312022133233313033301130322303

233001322101110313330132332221

1211030122001030013231323321130


/ 3

12212121122011111112200001200101222121

1101201011112020000021221110212022212

11


* 2

11100101111100010001101101110

101011000111111111011111011111

10011010111100001101100111001000010001000011111111011010010


% 16

467CBF4E68441E0

A28C8E0BF550DFD

467CBF4E68441E0


/ 5

3040030202000014422134431

4304004400233210040333441

0


/ 13

435003115987942A

B7489666767C51C2

0


/ 7

122355251112164251232

1261252126334135304320

0


% 2

100000111101011100101100100011111000000110100101100110101001

10001001000110101010111001110000100011101100111100100011101

1111110100100111010101010101110011101000111110000010001100


- 13

671340BC42A15BB8

CB35CA53811332C

572CB11707902889


+ 13

1148A357166C8079

1CC342860238AB0B

313C161018A85B87


* 5

23032001341

1444304240422

101104111330310423133002


- 6

103341225131341122125310

53430504321530534351405

5510320405410143333501


% 13

C834562258A58353

572088195968C406

16C312B972A09844


* 11

196462629

233791A49

43458738121A38364


* 8

571514332

241424242

167115257172544764


/ 15

D41DDEE1D30393E

EE80E270518830C

0


+ 11

158415101406116458

1133539928022912A2

270768A941083A774A


+ 2

10101100011110110110010010111100011011110110111100011100011

1110101000000100000001101000011011011110101110100101010101

100100001011111010110011111111111110111101100110001000111000


% 4

22332321032211220312302032032

32233311113233303320130112002

22332321032211220312302032032


- 7

1451353516235310655163

605263116634344140166

543060366300633514664


* 2

1000001001000100110010101000

111010101000000101100010011010

111011101010100101101111101011001001011111101110100010000


- 10

853484460817062992

604717038059209401

248767422757853591


% 14

88D5652491A89D9

9024379DA77251B

88D5652491A89D9


* 15

179E33E

2219B9A0

337AB708CAC050


- 13

55B55569B095C43A

1625923CB90C6011

3C8C9329C4866429


+ 4

121321103321100012131112103011

22212001301321300231322302121

210133111223021313023101011132


* 9

67421557

1503518480

115827515063177220


+ 16

225BB923DFE92E2

B07FC9F65131DEE

D2DB831A311B0D0


+ 13

4CB0770C47778BC5

2C3A2B36BA666B2C

7C1AA54635112A24


% 5

14323134312244324102204234

20221043143222014122232304

14323134312244324102204234


- 7

1013422226661303143236

440661430526624611331

242430466131345231605


/ 3

1211110201110000222021201001110100010

1010222111100221020101212010200110

1121


+ 14

B66DB006C890B55

2990B1BD21006BB6

3717ACBD8D89792B


% 6

21012100440542550035344

10553544502221103352534

10014111534321442242410


/ 15

1215E7BC99D1C8E8

E99DC5EBB20D2E3

1


- 4

313111202302323023231102332230

121103021323222032032102012111

132002120313100331133000320113


* 2

101100111100100111111011

111011111101011100101110010

101010000111000010110000011100100000101010011000110


% 3

20121020120121001220002020211010210000

20010102212012002102221221211000022100

110210201101222110010022000010110200


* 7

21353666064

10245303646

222515600545024200663


- 16

AB08A22316B3EC2

50E546A6A5E19CD

5A235B7C70D24F5


/ 3

10020220101010110110101010000001221122

10100101201200022200000112102122022112

0


* 6

33213305342

520555430

31033453102203332300


+ 4

212303002130312033122303220030

200332103323322011031002002

213110000300302021200000222032


/ 10

685462457256233495

425423061349946291

1


% 11

15043617943007291

1951764AA042585727

15043617943007291


+ 7

124424005501121162655

133206423210626323661

260633432012050516646


% 4

223133212320022013130232301332

111033301300003101101130203002

1000003120003210321311223322


- 2

110011101110100001001011111110011001011010110001000000011011

1110100101010110110111000001011010000110101100100111000110

100101001001001010010100111100111111010100000100011001010101


% 11

10443238124A545760

35700992172152A50

952A7258540A7920


/ 10

80665075028711172

675835993423210987

0


/ 7

524522431233300000606

135453404334443522655

3


* 3

11212110011110022

102121020001102012

2002110221111020102221022010112111


* 8

305776463

6131667664

2306567346613022334


/ 12

243B7A750A0169808

439B6178313B1175B

0


- 7

1431102155336466666112

1023160334106103545335

404611521230363120444


* 5

2400040114232

3220400321444

14340402310022022214134213


% 12

11B55A28A89B94214

11B3BB4B097B316AB

15A999B2062725


% 6

4125215125524051230355

104403440535530331320211

4125215125524051230355


/ 14

15804A849647CDA2

237BADABB265800D

0


% 14

1B1A9626450B702C

B8B9351061A6B7D

1C14D6436B47510


/ 7

545325215066666604065

1314421616260516453150

0


% 6

104040242130052044234503

112202554325034413353011

104040242130052044234503


- 16

76D05535092F220

576480B804A945F

1F6BD47D0485DC1


+ 4

33023111112233023031332132130

111133210133313202013321212233

210222321312212231111320011023


+ 7

152654153043563254004

155433122044004506616

341420305120601063623


* 2

110110111111111001001000111010

1100100110010101010111011101

1010110100111011000000101101110010110110000111111000010010


% 7

312362660413360302545

1214563655436044141434

312362660413360302545


+ 3

10221112100212111002211211000100021202

11001221020112221102121221121212220201

22000110121102102112110202122020012110


+ 12

1B4294153935360B7

33B094006406449A0

53336815A13B7AA97


+ 11

1A7903823253066820

37960758240725401

234764480493791121


+ 8

56237636470375463225

34204306062745036055

112444144553342521302


+ 5

14411311331134204320103144

22442304403102442413434040

42404121234242202234042234


* 6

3022322233

242134424024

1221235422030423542520


% 7

1006226261536321546126

406212421430156121116

300013540106132425010


* 3

1211200112121122021

11211102020200212

22212222222020212210222020020100222


/ 5

21443334420434143212010404

21000021134104123241123402

1


% 10

580748904096972930

631134520667236230

580748904096972930


/ 16

DA24631D5162505

403E74397286643

3


* 8

706201312

2507466445

2257122762236264462


- 12

41019365300585068

62A7A782B441A750

369314A9008166518


% 4

100212312200302120001001132331

113231112203233331202210311111

100212312200302120001001132331


- 11

1258273A2418563722

88A28860A3889067

117A34617324785666


- 5

24331423243423122332123343

3121020300202012303240000

21210402443221110023333343


/ 14

2999A59499C5207

40327280903B1B19

0


- 16

D680FB69E39900E

81615EE52892456

551F9C84BB06BB8


+ 9

1763642652440436608

5674825042280648002

7548567704731185611


- 11

10A29580A33A564453

1062A0668010569A47

3AA5152329AA5507


+ 7

225600401644302315656

1055053341353422246131

1313654043331024565120


- 15

4845350A21200AC

1E55938649136D0

28DE9173C70B8CC


+ 7

102225564621455606516

103022553424620641231

205251451346406551050


- 8

60444173427143154212

17056504667004521336

41365466540136432654


- 4

131110102031303333121321323101

121330323232330101232031231302

3113112132313231223230031133


- 3

10202002120121200100100022111022102102

10022020112112221112111222202020110012

102212001001201210211022202001222020


- 2

101100010111001111111101001111010011110010100011110101100011

101001011100100011000100010000100001110100110010000001110010

10111010101100111000111110110001111101110001110011110001


/ 14

3A582CD1C9CAB482

5B5B646674DD908B

0


+ 10

526553805868713571

28078824783158973

554632630651872544


+ 4

230020230310123111213301221230

30011120320101321020120332223

320032011230231032300022220113


+ 14

423B831C0661987D

41837B3230831DBC

83C120503704B85B


* 15

16048E4B

3EAAC404

58A36A33E626B3E


- 6

43530422250324514304544

23012320531012400213313

20514101315312114051231


+ 13

9380A61C88707668

C6A00A891C248AB4

18A50B3A8A795344C


* 12

154B2B604

AAB29581

139B94B1684B41484


/ 11

36505805384A27468

909A2030132472144

0


* 13

99B57BB8

C885A426

967C84599A162979


/ 7

1345004230043643660232

1050205352166034363423

1


