/ 2

10010110100100100010101010000001111101100010000100001110001

11011010001010001011001010111011001110000110001110001000111

0


/ 2

10100001100001010011111011010100011100001101110001110110101

101001101001000010001000010111010101110111100001101000101011

0


/ 2

11111100101001001001000101011100110111001001110000101111001

1010000010101101110001010000000101011001000110010110111100

11


/ 2

11001110000001000111000110000100011001111000101100010001101

11001110001011111011111011011100100111010110011111110101000

0


/ 2

101101100111110111111000000101110001010111111101110011111101

101000011110101110100010010110001010000011110001011010011101

1


/ 2

1111001111011010101110011010001100111010100111100101010101

10111111011111111110111101000101010000011010111010110110010

0


/ 2

100101010101111000111010011110001101101101001011000101000111

10001011000101100000111101010111110110100010110011111001111

10


/ 2

101000000010100110011000011100101000111110001001111011000101

101011100111100111011111111101001001100111001100010010001

111


/ 2

11010000010111111010000100101111000000111001100001101111011

10001000010110111110000011000100011010011011000010111110

1100


/ 2

110110011110111110111110000110111101100001110000011110100110

101110010011101011001010110000000010000101111011000000111011

1


/ 2

10100010110011101110011110011000011001111010000011110001101

100001011011010001111111000001101010011101111000001011111000

0


/ 2

100110100000111100011110111100110000010001100001001100010100

110010101010111101100101000010101101101100111110001011

110000


/ 2

1000000101101001101110011101110010101000011000110111101011

10100010000101101111111011110101111010001110000100101110011

0


/ 2

10001001101010001000001011100101010011000010010101011100001

101000111110011110111001010110101011001100101001011101110010

0


/ 2

101100100001111110010101011000100010010100100111010111110

10111000111101110111100001010110100111001110110001011101

1


/ 2

101010110011110001110110110111110011100111000011001000010100

101001010101100101110110111101000111001100010111101011011110

1


/ 2

1110010010110011011110001101101001001111111011000111001100

101011001001111001100011010010111011110111001001011100010110

0


/ 2

100001100010001111010101110000111101010000001011111110011111

101100111001011110011010011110001011111000101111100110011000

0


/ 2

1010001110110011110100101011011111110000101101000010110001

11111110010110000111111111111111001011011100110001111001011

0


/ 2

10100000101101110111100110000001110000111011110001001100110

11010110111111010011111010100011110000010111100001100010010

0


/ 2

100111010100010010101110000110000010101000010101001100101011

11101100111011011000011011101110001101111000000011000011011

1


/ 2

110000110001010110111101101011110001110010011011000111100000

110011100010100101010110100111100000100011100010110001111111

0


/ 2

11001011111001011100000100011010101000100110101111101101101

10000111101010011100010010100100011110101111001110111111010

1


/ 2

100001111010110011001010011010110001111011010011000011010110

110101000111011111000010110010011100011001101110110001001011

0


/ 2

100100000110010001000100111010011100101100101111000101110100

110100011110110011100010011100101100101001110101010000011110

0


/ 2

100110001110000010011100011110001110101111001111001100111

100000110010101001101110000100111111001111001110110000011101

0


/ 2

10011001111110000000000101111100011110000010100000000100010

1001111100011010110011010111000110000001010100000010011100

1


/ 2

11011111001011111100101101100110011110011000010101100100111

11100000100000101110100100001001110010110001001110110111111

0


/ 2

1100011111000110100101111100000001000100101001100001100101

11000111101110010010010110111011101001100101010001100110100

0


/ 2

1010010010111011110111111000010010001010111110110111111110

1100000000101000110000100101001111011110101111111010001

110


/ 2

110001001100101001110011000010110101111101010011001101000000

11011111110101010100111000011010011000010101100110110011111

1


/ 2

10011011101101010000011111100111111000000000010111111001011

11011011110111101110010111111001101111001011101110011110101

0


/ 2

11111100001000010111011101101100111000100100101010001100000

100011001011011111101000110110100100110001100101001110001001

0


/ 2

1110010111000010111000001100011000100111010011100111001100

111011000000001010011011111110001011110000000100010000110

1


/ 2

11001101101101110100011001001011110010001000101010101001100

101010110011110010000110110111110111101100110001110101101111

0


/ 2

10000111000011011101001011100001111010110011110000011011111

1010111001100100001110111110010001011001110101110001101101

1


/ 2

100111101110001011010010111001101011011100000001001100011001

10000111111011100101011100110011100100011011111011111110

10010


/ 2

110100100010111110110000110010001011111100000101111001001110

11001110100001010001100100100011100100111110110111001110011

10


/ 2

110000100110001111100001101100111010001110001000001111000011

11000011110100000011111110000100100111110001110011001111101

1


/ 2

101111010101110100110101010010110001100110100110001111111100

11011011110000110101010111111010010001100111110001110010001

1


/ 2

100110011100100010000100101010111101000111000101001100011011

110100011111000011101000100110011011100101100001011001110000

0


/ 2

100011100110100000101101001100101011100011010110000011011110

110010001111110000101000000010100001011001000110001111010101

0


/ 2

1011110010101110010011000011100000100000011111011101010

100101111000111011010101111110101100101000001001110001100110

0


/ 2

1001110000111011001100110000010111100101010000110011010111

110110000011111101000100000001100010000011000001101010001010

0


/ 2

100101000111010100000000011100010111001100000000111111100001

110000100000001101101100111111011011011010010100111101100001

0


/ 2

100101111100000110010100010111101110110110110100110110001100

10010010100110011001100111110101110111110100000101010100101

10


/ 2

10000100011100011111011110010010100000100000110011111010000

110001010000011110110001000010010011011100111110011111110010

0


/ 2

100110111101111011011010001100110110000100111100000100010000

11010001100101000111101011111000111001100101111110110100

1011


/ 2

11001101000100001010011100101001110011101101110000100110101

10110010100111101110010101000100101111010111100000000111101

1


/ 2

1100101110100101000111011011011000011100100011111101110001

1000100100010111010011101111100110101001110111010111000111

1


/ 2

10000101011001100011100100001101000000110111111010100100

11111111001111110101110000101001001100001011111010111111010

0


/ 2

11001010101111110011110110000011010110000111011111000011100

11100100100010000100000110101110000000101101100011000001100

0


/ 2

11011011000001100001111111110100111010000110000111001011101

100100011001010100001010101011100110111001001010110000101111

0


/ 2

10011101010101100110111010010100010111000110011011010100

100001011101101100000000011111111010110010010010011110010100

0


/ 2

110000101001111001000001101001000001100001000110011000111101

101110110000100011100001001000010001100101101101100110101010

1


/ 2

100111100100110100110111010110010010011010010001011001110001

10011110100010111001100011110110110011110111010111011010

1111


/ 2

11101010010010111100100100011001010000010001100010100010110

11110111101101101111000011101100000110011100101000100101011

0


/ 2

100101111100101110001011111100110011101010010111001010001001

10010111001110110000111011100100101110001000000100101100000

10


/ 2

100001110011110010110001010001011101101100110100100011100101

100111111111010110100001010001000011111011100000101100111011

0


/ 2

100110110101111010000111000100110110101100001000001111010111

101010010101110010011111101010000010110011011010011110000000

0


/ 2

10000001010110001001011001111101100001110001101100011110101

100010110101111010010010110000000011000011110100111110110101

0


/ 2

100011000001111000001110110001100111110111011110011111110010

100001110100010001101110111100011111010101010011100101111111

1


/ 2

1100011011110000111011100010010001011011101010101110010111

111100111101011111000111101000001110001001100011000011001

1


/ 2

11001111011111110110110000010101011000110011110110001111001

11110010101011101100011100100010001101011001011100100110111

0


/ 2

1100111111010111010111010001110001101101001110000001000001

101011111111000111011001000101001001101000010111110110001111

0


/ 2

101000110001100011101011010100101001101101000001011000101101

101001111011010110101011110000111001011111011100101111101000

0


/ 2

10110101100111001001101000001010010001101111101001101100011

11111100010101100011000010011101110000111110100101101011100

0


/ 2

101111111101100010111100001110010010100110110001010111101101

1001110111101110001110100100100011010010001000100011111010

100


/ 2

101001111001110010000011110110100101010010101010110110001110

110000101011010011100010011011110001001101000000101001101100

0


/ 2

101111000110010110101100101111100011111001011000100111011101

1000110011111110001100001010001000010000111101110000111110

101


/ 2

100110001010110011010110000100101100100101100111101101000

11000011101101110100010001100111011000000110100000101110

1


/ 2

1110101000001110100111111111011011001001110110101101111011

100100001101100001010110100001111000001100000111101111110010

0


/ 2

10110100011011011101100010001000101010100111000010010001011

110110010100100101000110010011000110101101000100110100010111

0


/ 2

110110101101100000110001010110011101001011011100100110001010

1101101001011101110111011010001110101111001111100101110001

100


/ 2

100011010011001110010000101100010010011001010101100110111

100000000101110000110011110110000110010011101001011111111100

0


/ 2

1011011110000101000111100001001011111111001110110011101111

101111010011110011011001100011100101101101011011111110010001

0


/ 2

110001011011101010111011100111011001011011101010010000111

1101001100011100101110101101110101001111111110011010000100

0


/ 2

110100100100111000001110101010101011011000011110010111010

110000111111011010110111101001101010010001001101001101001110

0


/ 2

1100000010111100111010011111110101010111000110010111011111

1101001011110001101111000111010000001010100110011001100010

0


/ 2

101011001010100111101110010100110111010000000101100001101011

11001001010011001110101110001010110011000110101010010111111

1


/ 2

10010001100000101011110011100101101010010111000100111101001

110010101001100011101111011110000110110100101000111100001111

0


/ 2

100011111100110000010100011010001011000001101111101110001010

100100111101001101011101000011001000011100101101101001000

111


/ 2

1011010010100000000000000111010101110000101000011011110111

110011110001011000000100100010100100010001110010000010100

1


/ 2

100111110100010000110101101110000011000111111100010001001000

101110101100010011000101110011111110111110010011000111100111

0


/ 2

100110001001010101100101111110100110011111111110101100101110

110110110101100000000001101101110011110100111000101011101011

0


/ 2

100100000010000100100000100101001001001010010011100010100101

110001101100011010000111101001100101001011001100101111000011

0


/ 2

100101101100000110010000000000101111100011101101000010011001

1111110110100101100000110101110110111111110010101101

10011000


/ 2

100011101001110000110110101110111110100001001010010101011000

110010011100111100100000001010111011010111010000001110111000

0


/ 2

110100101001110010011100010110011111001111010101100100001001

101011110110100100000101111111111100001110110111111110011000

1


/ 2

101111100101101000001011000001100000000100000101100011001000

100000101101110101010010111001110110000000110001100010101110

1


/ 2

11001110111101000011010000101110001011011101001000011111100

1111011000010011011101111001110110111100010001001011111010

1


/ 2

110011101001010111110010110101101110001110011101101100001

1011001100110001111100001011001001001100011100100000011100

0


/ 2

10110100011100110100000101011011100010111010111001100001011

11111011000100101000011111001111111011010111110100101100111

0


/ 2

11111110101011101000001011001100110010010010111000100110111

100110101111100001011001101010100111111110111011110111001001

0


/ 2

11001001101111110011101110001000110100001110111111011010011

100010110000011010110110100101010011111011010001011101010010

0


/ 2

100101110000100111011000001000010100000011100101110000111111

10001110001111100110001100111111011011111011001010000010010

10


/ 2

100000010100110110000001010001101101001111101000111000001001

110100111111100010000001011100101011101101011100010111111010

0


/ 2

1011010111000000001011001111011110110011001010111110011000

110100110001011110100001100001001010101001000101100100101000

0


/ 2

101000001101000111100110010100111100111101100001001000011101

10111100010100011001001000100101011110101111001001111011111

1


/ 2

10110011001001010000100001101010001101100101101100110100100

110110001011111100010000101101011110101011010001110011100110

0


/ 2

101010011000100010011001001010001101000001010111011110111011

11110110011100111000000000100000110010010011011000001101010

1


/ 2

11001000000001000001110000100011100110000110000010111011001

10101110001010001111110000101100111111101110100100100101001

1


/ 2

101101110110100000001010111110000010100000110101111110010001

1111011000010100110001101101010011010001110001110101001010

10


/ 2

100111100010000011100111010111011110101010011001011010100010

1001011101010001011010011001000100010001000000101111101111

100


/ 2

10011010011110010011000000101010111100001100010100100100110

1001100101011110010111111001110000100000001011010111010101

10


/ 2

100011001010101110101000010011101110001100111010101000011

101101111110010111111001010011110110100101110101111000000000

0


/ 2

1101100100000011111111110111001001101100000111111000001101

101110000000110010100110100101011110000010111110100101011011

0


/ 2

101110011000101001010011110010000101001011000100100011101110

11011100000001010011011000101011110101001110011011010101010

1


/ 2

100010001101000111000001000100010011000100011111111010011010

110011100000100100001101000011000011001000000110111110001100

0


/ 2

11101110011110111010100101010000010110011110001100011001000

1101111101010110010111111000100001110010011011001000111010

10


/ 2

100001101101101000001101011011101101000010001001000000101100

10010011010101011101010010000101000101100111011000111010

1110


/ 2

110101000011101001100101001110100000001000011010111010000110

11101010000010101000001011100011110111111110111100010100010

1


/ 2

10110001100001001001110000101101010110001111001111000000111

101110000000001110001010010110110000011110011010001111111110

0


/ 2

110001001000011000001111110100101101111010110000110101010001

1110000111101110101010011111101100111111001110001010100111

11


/ 2

11000001010101001011110010001100111100100110010011101111111

111000001001000110110010010111101010010110101100110001011

11


/ 2

110000110010111001001010011101010001111110001010000001000001

101010111000001111010101101110001100101100100110111111101011

1


/ 2

100111111110000101011001110110010101010011010000001111011101

11111011100110001100101101110111100011001111000000100100

1010


/ 2

11100001100111000011101111100011011111010001010101000110100

1101001011001111000110100001010011011010100010101011000001

10


/ 2

101001111000101010000001001111010010011101100000111011110100

11100001001011011000001101001001111010011100011111111111011

1


/ 2

110011001111001001110110001111011111111001000100111101111111

11011000011000000001110001101101111000111111001000001000011

1


/ 2

110101101100000110001101010101111100001001111110000100110001

1011101111011001111100100110000001010011011110000010100101

100


/ 2

11010111111010001001110100100100000010001101000100111001001

110011010100101010111110001111000111110001010011010011011101

0


/ 2

10001010111010000010111000011111100100110100100111001111110

11001100000101001110101001100111111000111010001011100100001

0


/ 2

1101100011010001111101110110101001001011010100100100011000

110110101110101001111100101000010000110110101101010001000000

0


/ 2

10001011011100000010001001110111100101100101101100110111100

11011010011000111110101010110100101101100100001100100010101

0


/ 2

11011010011111100000000011100110010011101111011101101101010

1101100010001000000001111001010101011011011010010011110011

10


/ 2

10010101111010101100110100110000101101001100010100101011111

1011000011110110011011011110111101010011101111110000011110

1


/ 2

101000011111111001011010111011100101101010010000100100010101

110110111100111111101010100100001001000111100010001100011101

0


/ 2

10000100000010110011111001011010101110011101110001000110001

11010111011011001011011101000100111000110001100011111111

100


/ 2

10011010111110011110101111001100100101111001101110000010001

110000010100000101001100010011011111011010101011111111111111

0


/ 2

100100011101100010010011010100001100010010111100001110101110

11110101001101110111010010001001000010011000010001000111011

1


/ 2

110011001010110100111111111111010110010100011011101100101111

101011011111100001001011011001110101100111001110101100000001

1


/ 2

101011101110011101010001000000000010101110111101001011101011

1110110011010110000100101001000100011011000010001101010111

10


/ 2

10011111010011000001010100101010101010001011001011101001110

10101100110100110101101011111100011001110010101011011110100

0


/ 2

10110110000111010100110111101101100000011001100110000111001

101110111111110101101001101100001010110000000111110000011110

0


/ 2

10110101001000111101110010001101001111010001000110111000111

1001011101100111101100000111010001010100110110011010101010

10


/ 2

110001101101001100001011100010100001000011100100101111101001

1011111000011010101010111100001001000001111110010011000010

100


/ 2

110101010000101010100111010111010100100001111001011111101101

100100111110100111101111010101011100100000111011001101111001

1


/ 2

11011000110010000011110011101101101101111111111011010000111

110111010111110110101001111000101101011111100111010000101111

0


/ 2

10101110001100000101111011011100111111100010111011000000011

100000000110111110000110011011010101011011010101110101000001

0


/ 2

1011010100101110110010100011010000111100110010100100101100

111000010000010100101101110000110110100101000101111010110

1


/ 2

10000101001111101011010010101110111110010100110011001000

101110110110001010000001110110011101010011110001001011110001

0


/ 2

110011101011000010100001001011110110100110011101111111100111

111100111101010000000100110101101100100101100001101101011

110


/ 2

110101010000011010110100010100111111000001100010001101001110

10111110101101110000001110100010100110011001011110001011010

10


/ 2

1100011010101011101111001010100110100110101100100011001100

10001010010000000010101011100110110001001101001010010101111

0


/ 2

1100001101000110010101000110010010001010101010101110111010

10101001111001110100110011011101100100000010000000001001011

0


/ 2

1011011000100010010110001010011110110010010101010111

1001010101011100011111010001000011111010111100010101101

0


/ 2

110111010101110100010111110110110110001010101111110100011000

110000101110000110101000011101100000100111110011111011010010

1


/ 2

1000011011010010111010100000110101100110111011010000111111

11101101111011100110100111110010111111000101010001001110110

0


/ 2

110101101011011001000011000011000010100110100001101011001101

110010111001100000100100110100001010100010011101010100000101

1


/ 2

100010001010000111000001111011110111100111111001010110111010

100001101100111100001000110111010110101001101000010010101010

1


/ 2

100011101111101000011111111111011100010011010011101010011111

100010001011001011001010111011111110000100011100011101110000

1


/ 2

11011110001000011101001111111101010111000110000100000110101

101101011001000011010000000110001011001011011010110001111101

0


/ 2

100000110011011000110001010000100000001100101010111110111

1001101000111111011010101011011000011001001010111100110111

0


/ 2

101101011001100110101111011110100000100100000010101010110010

10100011100101101010101010011100101110111101100100110001001

10


/ 2

110001101011101100010011110000101011010100011010001111110101

1100110111011101010010110010110011010101000011001010111001

11


/ 2

110001111100010011110101111010000011111001101110001110

11001000101011100000000100101001011111010101100010011001

0


/ 2

101011010111000110100001010110101001100010110101000010100

101100010100111111001110100100011111010111100100001110011101

0


/ 2

10000001100000100010010101111010111110001011001110011001001

11101011100101011000000000100100011001000100101000010010000

0


/ 2

100001110001110101001010110011010010000110011101000011010111

101110010000011110001011000001110010010001111100010111101000

0


/ 2

1000011011000100100001101101111100111101001100011000010001

11010111111101010001001100111101101111110010011101011100101

0


/ 2

101000111100110110000101010111101110110000111011000011101010

111001110100110111111111100101110010011000010101110011010

101


/ 2

100101011001100011101100100110111000101111111111100011110011

100100110100100110111010111011110100110000100010011011110111

1


/ 2

10010010010101101111110100110111010010000100110110000101100

10000100010101011101000000110011100111010111111110010101101

1


/ 2

101000000110100100111000011111111000001001010011110010110001

11010101010101111010010100010111001111101100101100000011001

1


/ 2

10110101100011000111011101101000001100011111101010100111111

10010010111001001000010000101101100111110000000001100010100

1


/ 2

110110110000011111001010010000010100111001111000011000010100

11111110010101000100111101001111010011100100010001110000000

1


/ 2

100111111011111111110101111010110111111011000010011110110010

110011111110100110010110010000100110010011111110000001100010

0


/ 2

100100000100101001101110100111100111100010001011001000101001

11111001000101100101011010010110000101100011101000000000100

1


/ 2

1101000011010010110110000101110010101010010001111111111110

1000110101101000001001110110011111111011110010110010111001

1


/ 2

101000010101001111100101001011001111101011001001100101100010

110100101011001111101101001000111001110111011001001110100100

0


/ 2

100000100010110000000010111000000000110111010000100110100001

1000000111111010101101001011110100000011001010010000101011

100


/ 2

1001100000101101010101011001111000100000001000101000001100

111110000111111000101010110001110001001100010100101000000

1


/ 2

1111010001111101011111010011001110100000010001000110010

101110011011010011010001000111100101110111011000011100110101

0


/ 2

110000001101110001110101100110110011000001010010111101100100

10111001010110100010011111110100001010000001010011011010000

10


/ 2

10110010110110010011110100100110110000001001010010101011011

101011100011100101010110000110100100000010110100101000000000

0


/ 2

10010101000011011101110001110100001000110111001000011100011

101001111100001000011010101111111111010100000101000001011

11


/ 2

1011111011111100010111010000100101001100001110110000010110

101101001101110111110100110001011110001010010010111010100011

0


/ 2

101110001101000011001000100110101100000001101101100110100001

100000111001111000001100010010111010101100001101001101001010

1


/ 2

1011001100010001111101010001000011011001001110011000010001

10010111010100110100000110100001001110010100001101111011101

0


/ 2

1111001010101011011011001100000110011011010100111111010111

1111011010100100011100000011110010111110011001000110111011

0


/ 2

110111010000111000100100100101100110111110111010001001011111

100110001000110001111010100000111011111100110100000000100010

1


/ 2

10111001110101001000011011000101101101000101000101001110111

100010101000001001010000011100111001101100001000010010100

101


/ 2

110011010010001001110000111110111101000100111010001001000000

11010101001100001001001101000011001111001011110110001101010

1


/ 2

110000100100101010101011100111111010011001111011100000110010

111001100011011001101111110110001110101100101110101001110

110


/ 2

11101101001110010111001111111001110111111101100110000100011

100010000100010011011010011001000001010001010011010111101100

0


/ 2

11110000011000001100110011011100011101101010110101010001110

101011011001110010001100000101101011110111110100000111110101

0


/ 2

11010001001011011001101110101101011011111100000101000011110

100001001011110000111001011111010000101111001110000111000011

0


/ 2

100000010011001110000010110100110100111001100110111111011001

11101111111011100011000111111111111110000001101010111010001

1


/ 2

110000111100000111000000010001000100011000100101011011001101

100110101010000001111111110001101011111110001011010110000011

1


/ 2

110100100001101010011100100001110011101101100101010001111010

101010010000101001001011010000111010101101011010011010000101

1


/ 2

10101010010000001010001010001011010100011111111000100101010

101100110010010110000101111010010000011100010010100110111100

0


/ 2

11101100001100000010110001101101011101100111111101101011011

1110100011011000010111101111111000000100010110010100110110

10


/ 2

11000010100100111000001110101110001000010110100101100110000

101101101011011000010100110001010001011100100111111000101111

0


/ 2

10100100000110011001110111010011000100110001100011001001110

11011010110101111000100010001001101110011111010001111010100

0


/ 2

1011110000011110110101000100000010111111101010100101111111

100010011111001000011111111011011010111010101000100001010111

0


/ 2

101100110000111110000011100100110011010111111010000000010

10011100010010110001101010111110101101001100100011100101000

0


/ 2

11101000100101111011000001110010111100101101101000110111111

1011111000001110101111010110100000010101000101100111110100

10


/ 2

11101100011000111100110010001100101101011100000000100110001

101010010011110011111110000010011100100110000001011110111011

0


/ 2

11111000010101011001110000000100010001100001011010010111011

10001111111010110001011010011101010001111100011000011001010

1


/ 2

101100110001100110000100001000101110011100011110100010111100

101101101101110000100011100011100001000111010010101000001100

0


/ 2

100000111011001011000011011100100111101011011000101010100000

101100110111000111101100111101100101110010101000111111011010

0


/ 2

10100110000101011010110111111111110011011000011010110010110

10000110111001110000110100111100100101100100111101110111010

1


/ 2

10000101100100011000000101110100010111010111111011001011

1001011000001101000111111100010101100011111011100110010110

0


/ 2

11010001101101010110011010010111111001011100000001011000

101110111111000101101101111010000110010110111100110000010001

0


/ 2

100101001010000000101000101001111100001101110111011100100111

1001010010011011111000111101110001011110110110101010110110

100


/ 2

10101101110011111100011100100101111011100010101001110000100

101010010001001001110001110010101111101011010001110100110101

0


/ 2

1001001110000101011110000100111001110110011011111011111000

1111000011011010110101010001101011001100100000001100000011

0


/ 2

110110010011100100101000111000101010000100111001110111010010

10101011111001111111011001010011101111001010101010010001011

10


/ 2

1011000011000010011010110001001100110101011101011010110010

10011011011101010100010010110100000111000100100110011100001

0


/ 2

110100101010001010000000111101010111100101111110010010011010

110110101100011011110000011000111100101010110010010100011011

0


/ 2

1001010011001010010101110010110001100110000010101001110111

11001110100100001000100000100000101010100010001000100011101

0


/ 2

101111010000101001010111100001011110100011111110100010000101

101110000010100000000001100000100101110001100000110110110

1000


/ 2

100010010110011001100101011011101010001001101100000110011000

11111001000010001101110000101100101100100110110110101100111

1


/ 2

110010110001001101100100100100100110101111000011000001010

10111010000011001111011011100001011010110110011001101101010

0


/ 2

11000010000101101100000111000011001000001000011010001110101

101110110000101111111101011101010100010001010110000101110111

0


/ 2

1000001111100000011001110010111101011000110100001001000001

1101000001011010001100101100011010111000111000001101111011

0


/ 2

110011100100010100001110101000111000101001110111001110001111

1011001001001000101100011000011101101001001110110000100010

100


/ 2

100010111101001100101011001011010001110110101110000010010001

100001010011000010001011101011101000000100110001111101001010

1


/ 2

100101110111011101110010011000111000111010001101001110010100

11111100101100000001100111010100000101010111001111000100011

1


/ 2

10111011010000111100110001101111110100000101010011111001101

1011100010010101010000001101101100001011010100101101001101

10


/ 2

101011100001101011111011000100011000011100010010011101110001

110010100101001010010110010101110010110110111011100101110011

0


/ 2

110001000000011011100101010101100110010011111111110110100110

10110000001101010001111000100001111111100010100110110010001

10


/ 2

10001111110110100110110001000011100100011010011100101111110

110110011011110111101110011011100111110011101100101100001

10


/ 2

110101001101100100110101101011110010100101101101111010111110

100000111001101101001010100101111011111111011001000100101

1100


/ 2

1110111111011000100011110111100111011101000111100101100010

10100000010100110111011110100100101110100111011010010000000

0


/ 2

1000001100010000011110110111011111100011001101000000011000

10100110011001000011011111011111011000110110011111010101111

0


/ 2

10000011010001111111100000101011111011101000000111001111100

100010111011011000010000110100001100011111110100001010011001

0


/ 2

11111011000100100001101101001001001100011010100111001101111

1010001100001000100111111001010000001001111000101101110101

11


/ 2

11011011001000000000000001110101001000000110101011001010100

10101100001100100110010100100010000110011001000110110000011

1


/ 2

10000110000101111010011011110001000000000011111011010001110

1101100001001001101001101010001111110111010001111100000101

1


/ 2

110010111010111100010001000001101110100111001111001010111

111100110000011111010000001101010000010110011001111000

110


/ 2

100110110111010000111001001111110111010111010000011001000001

11010001111100010111101101110100010000101101010010100010101

1


/ 2

100000001000000010111101011111010000000011111000110101101110

110111011011001100001101101110111011101110001100110111110011

0


/ 2

110111010111000000101111001011011100111101111100111010000000

10110001111000000001111101100010110110100100001011001101111

10


/ 2

101101010001001000100001011111111100100100101101011000000110

1110001101001110101010001000001111101011111010000000011011

11


/ 2

101011111000000001000001000101110101101001010001010001001010

1011110001000111000001101100001110101000000110100010110011

11


/ 2

1100000110100101110110111111100110100110110101001111110101

100000001101011110011111111100011111000111101110111010101010

0


/ 2

110110011000001000010101001000101001110110000101001100100100

100011110101010010100011100101010010000111100101101110110001

1


/ 2

100100100000000101010101111001101110100001000010010111101001

100010110110001001100001110100101000011011101001110011110000

1


/ 2

11100100111011000110010101000011001010000011010001110111010

11001111110011101001010110101001100100011010100110000010011

1


/ 2

1011000011111100011010100010010001010000010011100100111011

100000001011000110110000001001000110101010100111011010011010

0


/ 2

10100001001100110011010000100001110100000111011110101010101

100111001111100011100011000010001010110101001101011100000100

0


/ 2

10101101000010111011011001100110101100000101011101101101111

110001001001001111001000001010111101101010010010110001001111

0


/ 2

10101000011111000001110011100100000010011101110010010111010

11101001010111100011101100000000110011100011111010000110000

0


/ 2

101100110001101101010011010001001001100010110110001001101101

110101001110011100100010011100000101000001111101010000100000

0


/ 2

101110101000010001011010101011010001010101110011010010111011

100000110000010110010000111100111100100011101011111111010111

1


/ 2

10111001110011001101100011011110111010010001000001010000

11010100110110010010100101111110110101110000110001000000000

0


/ 2

111001010010101110010010101111101000100000010000000111110

1010100110101001010011001111101111001000110010100111100100

0


/ 2

1100010010001110000111000010010100110010010101110000001011

11110001111100000111110001101100110001001101100001010100010

0


/ 2

101100010101101011001000001101101011011000100001110010110000

101110100001010011111011101001010111110111101011011101001

111


/ 2

1010101111100101101011000110101100101011101111010111010001

100000101111101001010010110111000010000111111000111000010100

0


/ 2

100110111110110110100111101100001111100100100111111110001

100001110111000100000010001100010101011101100011001111001000

0


/ 2

1010011010111111100100000110100111001100010001001111101111

100110000110111110101011110101000111000110100001110011100100

0


/ 2

1111000101110111111011001100000011001001100010000101101010

10111100011101000110001001111101110000010101100111000011101

0


/ 2

110010101110101000001010001001110011001111101111011110011101

100111110100011100011111101000011001100011000101100000101111

1


/ 2

11010001001010011100110110000110000110010010010001001111110

1110011100100001101011111010000001111011111011111100

1110011


/ 2

1010000010011010101001100100111101001011010110000001011010

11001110101110110101100011000101010011000011111000100110001

0


/ 2

100100001011000011101010101111000001110100011111100100101011

10001000011010100101100111001011110111011010011000111000010

10


/ 2

1000101011110011111101000101101011001000100001110000011101

1001110100011101101011010011000101011011001001101010010001

0


/ 2

110001011100000101000011010011101110100011101110100100100110

11000100101001001111000100111010100111000011010010110101101

10


/ 2

11010110100001010010011000101100100111011000110110110001111

1011011010110111001000101010111010011111110011111001000100

10


/ 2

1100111111010101010101001010110100110010111000110100111110

10000110000011111010010101000110001010011111011011110101011

0


/ 2

101010101110010011110111100101101101100111011011000010011101

101111111110011110101100001001100001110011111001111111010100

0


/ 2

101100000000010110011011111111110000111100010000101010100010

100111111100101101011111001010010010010100000001001111010000

1


/ 2

1111101100101101101101000101100101101110000100010111101101

110101110110010111010001110100110011101011110100010011101000

0


/ 2

101111101010001111011001001101010110101110110110111111001110

101101000110111000100100011001100101001001010011000000001111

1


/ 2

100110010000010101110010000111011100010111101011001100111001

1000001001001000011011100001000000000101010111111000011001

100


/ 2

110000001111100101011010010010111111100110111100001110101001

110001110110001010000110001101110110000111100000111111101010

0


/ 2

11101110101110111100110111001011011011011100011110101110

101010110010010110110101010011110101000100111000101000001101

0


/ 2

1111010011011110000110100111100101011111110110000001111100

100100111000101101000100101001111010101111010010011111110111

0


/ 2

11111110111111110011000000100010000011110000010000011010000

101001010010011001110111100101011000000100111001010010011011

0


/ 2

11001011110110000100000001110010101111101001111010010010111

110001101000000000010001100010101110001001111000111100111001

0


/ 2

10111101110101010101111000111010001101000101011100001100111

100010100110001100010110111011111111111100110011011010011

101


/ 2

100000011101111100001100110111111000100101011011111110110010

100000100110100101110000101001111010111001101100111100010111

0


/ 2

101100110101001100011011001011011100011000110101010100101100

101101110101111111110000000001110000001000001111101110101000

0


/ 2

110011100000001000110001011000100100011110010101111101011001

10010111101000011111010111111011100010011110111111010111001

10


/ 2

11100111011110010101110010110001100001101110100100111010

110100110100111100001000011101100100111101110110101011011101

0


/ 2

1100111101110011011111100100011001111101100000010101001011

110111010111101011011000010111101010100000101001010100100100

0


/ 2

1100101100100101110001001010000111001111111101001110110110

11011010010101110101101011111100101101010001111001110011110

0


/ 2

110011001110110010010110101111011001001001000101110010000010

11000110011000110100111111011111010101101100111011110101

10000


/ 2

110100100000010010110101010100010110101011100011011000001001

101001111000101111000010110111110101010010111011100011101111

1


/ 2

11100100110011010011010111101110001101100101101111010100

11111100000110000001010110111100001011011000000001000000100

0


/ 2

1011101000100111011110011001111100001111010111011111011

10001011011101011111100110000111001100110101110010101111010

0


/ 2

100100101110110000001011001010111111000101111011101000000000

111001110010111100000011111100101000101110111110101101000

101


/ 2

101000110010000101110011101010101110010000110011100100010100

10001010111011111100101110001111100110000110111100111001

10010


/ 2

100101111110100101000010000111010011011111110001001010010100

11001100000100001110010011001010110011010100001011110001001

1


/ 2

101101011111100001001000100110010011001110101000101011010000

110100111010010111111110110100001110111000101110100110010

110


/ 2

1001010100010000010001111111010101110111010101111001110000

11111000010100110011100110010110100010011011000111001100001

0


/ 2

1110111111010001011111110111100011111110100001100001001010

100001101000011001000011001001000100100100101111011011000100

0


/ 2

11111101010101001001110110100011010000000001111001110100

1111111001100001001111110001100111111111110001101001100101

0


/ 2

11101011001101000001100000011011110111101101101111011101010

11111010111100000000100111001001000110001101001111111001001

0


/ 2

11110101101101011000111111011111001001000010110101001000010

1100100010001101100001101001010101101100111011010100000011

10


/ 2

1000100010111110110001101100101010101110111010101010010101

101001110100001100011011100010000110010100110011000110010011

0


/ 2

11101101010111011011011011001011011000110011111010110001101

110101000111100110001001100011010000001110010011101100000100

0


/ 2

110101101000101000111110111111000011100011000000001000010101

101010101110011000011010001100100101010110001011101010001001

1


/ 2

110101001110001100101100001101100111110001110001100100000101

11101110000000011000101000110010011000110101000000100110000

1


/ 2

111110001011111010101111101111010111000000111001011011111

101101001010110110101011001011011101111100001001010010111110

0


/ 2

101111100111100010001000101101110101111101110001001000010011

100111110001001011010111011101100111101001101011100000000100

1


/ 2

100010110100100110011011010010010101000111000110000010110011

101101001111000011001010011100010110011010010110110011110110

0


/ 2

110000111101100010010000000110001011001101000010011010100

11111101001001110000101110111111010100100000011011011010

1


/ 2

1101110000010111110100100111111101100011100100010000110110

101010001111011011101011101100011001111000000100001100111011

0


/ 2

100101101011010010011000111101010101101101011111000000111110

11111111110011001111110110010111011000011010110101110000111

1


/ 2

1010101010101011110001111000010011100100110001010011111100

101111110000100000100100000101100000101001001101001000100010

0


/ 2

100110010001010101000010100000111111111100110100110010001100

100001011010011111101101010001100001010101110101011000111100

1


/ 2

110110101111001000000010010001100001101101100100100010

1100100010100111111001000111101001000101100011001101111100

0


/ 2

10011111111101111010010101010011010111111100011110001111001

100000101000110111010010010010110011110011001010101001010111

0


/ 2

1100011011011000001101100001010101011110011101010101001011

101010010100001111011011100001110110111011010001000000000111

0


/ 2

110011010000111101110111101111111100011001010111011010

101100011100100101110000110010000011110100110011001111011

0


/ 2

10010100111010101001010011011000110010000100010100001001001

101101111010101100100110010101011101100100001011011101101101

0


/ 2

110110101111000110000000010110100101101000000000101001011110

1111000110110101011101000000010100011000000110000001100101

11


/ 2

11001011001010111001111111000110101011011101011001111001001

101100100100010110100110011101001011000110001001011101001100

0


/ 2

101001110111010000010110001100001001000010011001111100000101

110110110001101001001111111111000111011100101001011000000010

0


/ 2

100101001111011110000101001101010111000000011001110110111100

10110011101000101000111100011101001100001011101100101010

1101


/ 2

100000100011111000001101111101101110011100100110011010

11101000111110101000101111111010111100101100101100111110100

0


/ 2

11100101011111000000111100111000111011000100110010011111100

11110111010101000010110000000100001110010000011010010111001

0


/ 2

100001100000101110001000001110000010111011011011001111011000

1101111111100011000000100000011110011010000100001001110111

10


/ 2

110111000100000001011111011110011101000111101001110101110000

100110111111011111011100111010000000011101110001000111100011

1


/ 2

101101101110011000100101001101010110000110100011000001001011

111010010110111011111000010100000001110001001110000110011

110


/ 2

10010100110111111010000110100110010000000101010011011110011

110110111000111111110011111000111001001011100000010011101100

0


/ 2

110001010110111100110101110001101000101011101011100111110111

10100001000100101000011000011101100000011010100010111000110

10


/ 2

100100100011110010000110011010100000101101010110110110101000

110110111011111001101111000000011110000000010110001111001011

0


/ 2

11001111101010111110111011010010011010001001111000010010101

101010011011100101001010101100010100000000010000111100100010

0


/ 2

10101110010100111101011100000010111100000100100101001011101

10001100100011011011101001100001001110110011010100000011111

1


/ 2

101101101001011111101101110011000110000011010111001011010010

101000001001000110001011001111101110001010111100010000001011

1


/ 2

1110011000011110100101011100001111000001000100110100100110

110101100001000110111010010111110111100100010110011100100011

0


/ 2

11010011100011101010001000100001000100111110100000110100101

101110111000110111100110100000000110100001010011100101011101

0


/ 2

11011000011101011110110010101011001110111110001100101001011

1001000000111010100111111111111111001000000110111100100001

11


/ 2

101111001101100011101001011110000111110011101001111101110000

111011000001111110110011111000100011100101001100110010001

110


/ 2

110110101001010111001111101011101100001111100101100010001010

101011111111011011110111100100011011000000011110110001001010

1


/ 2

1111000111101100110001110011100100100100111001111111010100

1110100111000000110011011111001100011001000000101010101111

1


/ 2

100110001011111110010000101111001001100001010111100001101010

10100010001100001101110101111100010101011011001011101010011

1


/ 2

101001010100010101000110100101001001001111111110011110011011

100011010000010111001010110111010110110100001001110000101

1001


/ 2

110111010101111001100101100100101001110101001100111011000010

100100000101000001010110011010110010000010111110111000100100

1


/ 2

101111000110011111101111111011000011100001001010111001111010

100110010011111101101111110011011001000110101001100101101011

1


/ 2

11011000111000111100010011001100100100111110000000010110111

11110001110000000001110000000010000110000111101110110101001

0


/ 2

1000001000011011010100010011110101111010100110000101110101

11101110010010001101000110010010111111001100100000100111101

0


/ 2

100110110100001110100001101000001010000010111000000001001

101101000000000010110011111110111100011110010100110010110010

0


/ 2

101000110100100100011010000011110100110011110111100000001001

11011000011100000000100000000110001100110001000010000011100

1


/ 2

100110100101000011011000110110000101010011001001101011110010

101111010001100100000011000110100001110110100000000010011111

0


/ 2

1010110100010101000000001011101110011000110101010011110000

11010010000001110001011101100110010100100000110000001

11010


/ 2

100001001000000001000111011110101000111010000000101011100111

11100011010101010111111100100010010001101100101110111111

1001


/ 2

100110010000111110000010001001110111111000011001111111111001

100110000100110000111101001110110001010110010111101001110111

1


/ 2

111000011100110010010000011101101000101111111100100001101

101001110000010101000010000010011011111000011010000011010010

0


/ 2

11111100000110100100001100101100000101100010101001010001100

1010000110010010011011000101000101111100000111100001010

11000


/ 2

110001011001101110100101110011111111001011100011101101011001

11010111010000100101000011100000011011010101110111011000011

1


/ 2

100101001011010100111000110101101100001100011001001100110010

100110101001110001010100010111000010110101001101111001011100

0


/ 2

11111101111110001101111111100010010101010100110100000110101

10111100101000011011001011011010001011101111100100101011100

1


/ 2

10100001000110010110111010101110000100010010000101001100011

101101001111010010000111011111001100110011001000111111101101

0


/ 2

110010111111010001111100110010001010000101110010110100110100

1110000100010000001001010000111011010110101101001010100110

11


/ 2

1100000110000101110010000010010111000011000010000111000001

10110110011111011111101001101000101111101101010100110111000

0


/ 2

100110101001100110111000100101110001110111000010110100000100

110101111101101001010000101100111101110110100010110111010111

0


/ 2

11111101110100001000110100101111101111001111010011001001

110101101101101110000000001111110000110010110000101010000100

0


/ 2

100110111110000111101000010000011111110111001000100001000011

100010100001010100101111001110110111111000001111111111000001

1


/ 2

100110001100000000000101111000011100100110010110100101010010

110011000001010011101100100110000010001101001010011100000111

0


/ 2

110000111100011100001100010000000100111101111111000010111001

100101011001101000101111100101111111000010010011101011101

1010


/ 2

101001111011110110101001110001011110110011000100011111000000

100010010000101110110011010110011001001101101110100111011010

1


/ 2

10000000011100011111010001001001100000110110000011000011000

11000001101111100001001110001001100110011101001101000000100

0


/ 2

110111010101110100010010000000000011000110010110111010111010

10011001010010111101100001100100001001110010110011100011110

10


/ 2

1110101101011010010110010001001110010110111011100100001000

1000011011000110011111110000110001011101101110001101110011

1


/ 2

100101101010010111100010010000100010101010000000101011000101

1110001101000111011110011111001111100100001101001100110110

10


/ 2

111111010011011010001101110011110101110100011010001000001

110011110010111101100011100110011000110000001101100110100101

0


/ 2

1101000111111000001111011101010111010100011111001111100100

110010111000110000010110111111001110100000100010100001101100

0


/ 2

100001000111000011011011111111011000000001101000011101010

100001000101011100000100101000011010101101110001010101111010

0


/ 2

1110101100001000010010110101111110101100101000011110011001

10010100101101011011011001101100000101010000111011011011110

0


/ 2

11011100100110110100001001101100000101000111110111010000

10000001110111001010111111110100011100001001010100111010

1


/ 2

10110110000000001111100110101110111000101101001001110011011

11011100010101101000100011110011101010010000110100000101001

0


/ 2

101110000010111100011110100011000010011100000010000010100100

1010101100000001010001011111111100000100011111101111101100

100


/ 2

10010000111111111110011100000000110010000110101110110001

10101010000011100100101010101110011100000110110100100000111

0


/ 2

11100001011000010010011101111010100011100010100110001111111

100000011110100111010011001010111011000101001000011100100101

0


/ 2

1000001110110011001101011110111001100011110110110000111100

100111001010000101111111001010010011100011100000000100110111

0


/ 2

101001001100011100001001110000101111001001010100011111111000

100101110111101000011000001000101000101100010101101111111010

1


/ 2

101100100011010000000010000010011100111000100110000001011

10111100101100000010101100111101111010000011111001010111000

0


/ 2

100001110011001100100000000011010001011010111010011111101011

100100011010110001001110100000100100101110100100010111001101

0


/ 2

1110100010011100010011000100110001000000110101110001000101

1110100110001100101001111010101010100111100111010011100110

0


/ 2

10011111010000010011011110010011010000110010100100101000111

101100101001010000001111010100001100110011000100110011000101

0


/ 2

110010111100100101101101100101001101100100001001100001100001

101000111011011101000110001111011010101010110011000101010

1001


/ 2

101010100110101010011101111111011101001100111011101011010111

11100111111001100101111011011101010000100101110111000000010

1


/ 2

110101101001010001110100100000010111011001101010100011100010

1111100111011011010011011000011111110101101111100001110110

11


/ 2

110101111100001000101101001001000011101101111110000010010101

100100010101110110010001011100110111011100000110011000001010

1


/ 2

10101011010000011010011010001110110001110000111000100000100

110100011110000010010101100000110101011110010110110111110000

0


/ 2

100100101101000101010101100000011011100111000111010010011100

11011110111000100111000110010101101110110110110010100101010

1


/ 2

101001011010101100101110011101100011111111010100111101100010

1111010100010101111001001100011101110110010110110100011000

10


/ 2

101110100011000000011001010111100111110011111110101111010

100101110000001101101001111100011100011110100110111010111000

0


/ 2

110101111101101101111001111111110001000110110110001011010010

11110111010101100110111000000101001011010010110010001010100

1


/ 2

11000110101011110100011001111110010101010011010101010100010

10011101111111001101111001010110011110101000000100110110010

1


/ 2

110110100011010111101001110100111000000011011011111011001111

1110100010010011111010010011001100111001110010101001001100

11


/ 2

100101101011101000001100010110110011011101000111100000110100

100011101101001010010000001011101010110111010101111110001110

1


/ 2

100001011001011100111001111011010100000000110011000110110101

1000100010110001100111010111101000101100110010111110000001

11


/ 2

11000011110010100010101100100100110000011000011101101000000

11111011010010111011000111011010111101100010010001110011000

0


/ 2

10011010101001110000011110011111001000110101011000010000010

10101011110010011110111011110001101100101101101110100101000

0


/ 2

11001001001011101111011000000100111000011111011000000101011

1100011010110001100001001110001011110000000110100011001000

10


/ 2

110000111100001001101110111001010001010111000100010010011010

100100110110101011000000111110011000110000101011011010000101

1


/ 2

11101110110111000011111110110010100010010011000000011010011

11111111111111100011110100100101110010100011111010001000010

0


/ 2

100100010011111011011110101101001000101011000110101010011011

10010011001100000011001001011101011001010110100001001011101

1


/ 2

100000001000110000001001001110100111111110000110100101001101

101101011001010010111010000001111011010100011100101100000001

0


/ 2

11010001110011101110000011101000001101011111111000011101101

100111010000010110000001100001101100101001100110100100101110

0


/ 2

11000100000101011000000010100110100111101100100110101110111

11100101000100011111101111000001000111101001001100001001100

0


/ 2

1100110110101001000101011010101111101000101010001010000011

10001001111000100110010001101100000111111011011101111100011

0


/ 2

100000010001110011010010100000100110110101111001011110100010

10110110100101100101101111110110111011100110010010111100100

1


/ 2

10011100010110011000010010010011100101010100011001011100110

11110111010010100101000010101010010010111011111110001111010

0


/ 2

11101101100100011011010010001000110101011000001011001101011

101101110101011010010101010011001111110001000011000011100110

0


/ 2

11111001111001010011111101100011001101100111011000000000111

1111111100100110000001011011011010110000001110111010101100

1


/ 2

100011010101000000011100011100110000100000001000001110101001

110101011011101100100001110010100111110110001000000100011

101


/ 2

110101110000010001111010101110001011010111010100100100100000

11011111101100111011100101101001111101111101000010011111101

1


/ 2

1001101100111100011010000101001111000010010110010001001101

1101101000101000110011111011110000001110100011010111010001

0


/ 2

110101100001111011100010000101000101010011111010000011110011

11000101111010001111101000011110000010001101110011011000001

10


/ 2

110100010101110100010011111100100010101000000010101000110111

100011110010100100111010010111011111001000011101001110011101

1


/ 2

101100101001100001110111100001101011010111111011111010100001

100010001101011011011001110000110010000001011011101001100000

1


/ 2

100010111011111010001111001100001001100001101101101110011001

101110101011000111010010010010111000100001010101101101111000

0


/ 2

100111101100001011101101000111010000001111100000100011101010

1110001001011001111001100000000010111010100111010011100001

10


/ 2

1010011010011100001001001100111100010011001101101000100100

11110010101000011101100101111100010000001111001010111111000

0


/ 2

10001100011001001000010011110001001011100010100001010010000

10111100100001000000101101001101110101101000110100010000010

0


/ 2

10011001100011101011010111100010010000110001101110010101

10111101100010001001100111011010111110111011100111101001101

0


/ 2

110111000000000100100001011100111111011001001001110001110001

110100011011001111010010011000100000001110000000111010011110

1


/ 2

110001101110100111110001110001100010111011010110100110110101

10010101001011000111100110000101010110111101101101001010001

10


/ 2

100011011110010000100011010111001001000111101010010010110111

11010000011011000000111101010001110011000001011100010001001

1


/ 2

110001011001111101001010110010001011010000000011010001100101

11010101010101011111101111101111001100100010011011100100100

1


/ 2

101000011100011010001111000101011101111011110111010000010

1000001100111011100110101010010101101111001011000110100001

0


/ 2

110101001101100100010100110100110000011000000000001101111011

100000000000000110010111110011101010010011001010001100011

1101


/ 2

101011110100100100110011101010001011100011001110011100000010

10100100010101101101110000110001010101100011100000000101100

10


/ 2

110111010001000010001110001001101000011100001010110101100100

1001100011110100110110011101001001010100100000010100111100

101


/ 2

11011011110101001111010011100110011001111111011110100100

100101010001110111000100001000010010111100101010100100101000

0


/ 2

100000110000100010001110101011100011110000111100110111010011

1101111101110001011100101101000001111001101001000011001111

10


/ 2

101110100011000110110011011000111101010011010110111101

11100111101110101011011011101010001011000000011011010001111

0


/ 2

11110100110011100101011101100100101110010111101001000111100

101100110010101101101110111101010011001001100011011000001100

0


/ 2

110010001010010101001101111011000100110100100110000110111000

100101111011101001011000001111001100111001101011001100010001

1


/ 2

11111010000000100001000001011101111110111010100000011111110

110000000110000110000111111011010101010111011101100001111111

0


/ 2

100101011001000000011110111101110011011100000101111000111001

1011110111100000111001010001010110011110000011111101111101

11


/ 2

101111011111011111010110101110110000001100010011111000111000

1110101100010111100110100101010110101001000010110101011011

11


/ 2

100001011101101001011001101110100110011010011010000100101100

1100001111010001110111100111111101000010110110111010001000

10


/ 2

110111001010011111001000101110101111010001011100001110011010

101001000110000011001100011011010010001000001010011011111110

1


/ 2

110100000010000100111011110100101010000101111000011111100001

11101101000110010101001101110010110101111111000010110101

1110


/ 2

1001101011111101000111100001111001111010001001010010011100

11000001100011100100000010110111101111011110100000001100

11


/ 2

10101101111110111010111010011100001001111110111111101000111

110010011000111110100000010110010000001011001001001100100010

0


/ 2

100011010100101010111000101010010101000010000110011001010000

101111001101110110100000000010111001000101111100011001101

101


/ 2

10011110111011100001101110001110110010010010100011000110110

10100011011011111000110001100100010110101001101000001011011

0


/ 2

1111000101100001001001111110010011011101110010010010001110

1110100111110100001111111111101000110001100001110010010000

1


/ 2

10001011011110011111011101100100000000000001010110011010111

110111010011000110010011000110100010111111111000101100000011

0


/ 2

100110101111111000101011010000111011011010101100101101010011

100001011110010001100101110110000001011001110111001100111011

1


/ 2

1100100011110001001111011101001000111010100101001110001110

1111101001110001101001000101000011001110001100000000010010

0


/ 2

110001001000001000010100011100101001001010010001111001010101

100110111001110000000001000101110101111010100100100011000101

1


/ 2

11100100101101100110110000111011011010101100110101101000111

101001100110110111001101111001010111000010110100011101010101

0


/ 2

100001010101111101001101101101001111011001100100001110010101

110000011000110000010110111001101001100011000000111111111111

0


/ 2

100001010111111110001110111111110001101111101110100010111101

100010100000100111110011011101110100101010000101011011101010

0


/ 2

1100110110010011101001011101011001011011010111011001100001

101101010100100100011010000010111000110110000110010010001101

0


/ 2

1111000001110000001000011001011100100010001001000111100100

10110010001001011111010000011000011111100100001000000001000

0


/ 2

101000110010001010011111100000001001101011000100100111001111

10101100011011100001100111011111100011111100101101110010000

1


/ 2

101110001100110000011001010010011001000111001101011111011100

11111011010000101111111000010011000110000111111011111110110

1


/ 2

1001011001010111110100101001000000010000110011000010111110

101101010000011101110110011111001011101101011001010010000

1


/ 2

1011111000001110100011011000000100011011000110101001111100

101111010010000010001111100101101111110111010001011110010000

0


/ 2

100101011011111100101110100110010100011001100011010011001

100011111010110000001011101000001101110101101110100001110011

0


/ 2

100100010000000101111111001000000001101111101100000100000100

1001011000100010111111111100111001111011100101000011010000

11


/ 2

100011100110001011111000010101000001011100111011100011010

101000000101001110001101001010010101011111111010101100000100

0


/ 2

110110110000100010000000000101110001001110100110101111101011

11010100111101101001011111111010111110110001110011001011101

10


/ 2

110100110101010011010100100010111100000100110110100101101110

110011011111101001001101010100010000010010110011010001000010

1


/ 2

1011000000101111110000000000011110000000000000110000111100

1001011110011110100000101010101010010001101111101111011010

1


/ 2

100111001111101010110110101011110110111111111001001010010111

100011000010001100010101011101010110001011110001110110101

1000


/ 2

1001110001001111000100011001100111011111011111101100011

1010101000001110110100110011110111001100001110100100010010

0


/ 2

10001001010000011101010011001111010100010010000110011000011

1010001100101000101110110000001000011000001000110100011100

1


/ 2

110110001110001100101010111010100000110010010100100000011110

111001110011011110110000110010110100111100110100000111110

111


/ 2

1101011101010011111010100010100011010110111010100110111110

111101010111111100110011011011111011110101101111000010100

1


/ 2

110000110100010010011011001100111111101100110000011111001110

100000101111010110100111000011100000111110111001111010001000

1


/ 2

100110101110111001110101101100010000001111011101001011001111

1010111110000001111010110010000011111001110010001001000111

11


/ 2

1110000011000000000111110001001111001101001001001111100

100010101011101010100010100111011100000101111001011011100110

0


/ 2

11000000101000011010011010000111111001001000101110100000001

10000111011100010100000101011000011010110111111110101111110

1


/ 2

100000110010111111100001110100010110101101010000101010011111

10101011001100101000010100111100101111100110000110110100

1100


/ 2

111010000100101101010010000111000001001101001001010110100

101110000111111110010010001011111110111011110101000000100111

0


/ 2

110011000001001100111000100000110101010000010011100001111100

11000001001001011010101111011001101011101000001111001110111

10


/ 2

100010010011110111010100101110111011111101101011101100000000

110000101000010000010101000101010100010010101010110000010000

0


/ 2

11100100011111101001101110011100010000000100010110100011111

1011011000101001000010100101001000000110000100110110100110

10


/ 2

100110011001111110011101111011110001010101110010111011

110001011011100111010100101011001001000111111101000110001010

0


/ 2

11101101101000001110100101000100010111001101111110101111010

100010110001100101101110101000111101010011100101101100011000

0


/ 2

11100101011111111010110100110100101101000101000100100111110

1110010101111110000111001100001100001100100110011101000010

10


/ 2

11100100001111000100011011100101101110110111010100001000000

100111110011110001100110100011001010100000010000111010001010

0


/ 2

1110100001011001001110010110000000100111111101000110100101

100010100010111100110010101000001111111011100101010111111111

0


/ 2

110001010010000010011100011110111011000100111001000010101001

100111111001001001010100000000100001001110100110111110111011

1


/ 2

10000100001110000101110001001011001011001110101000110101111

1010000011010011010010101000010010100001100101001011001100

1


/ 2

110110101000101111101011100000100111010110001011100110110111

10100110111001101100101000000001100011001111100101110101110

10


/ 2

100010011001100100111011100101111000001010101101110001011100

100111110100110001011100100011000010100111001001000011101001

0


/ 2

1110111110111100011111100110111100001000000111111100110111

1011001010001011010010100010101011111010100001101100010001

1


/ 2

1011111110010011010111110100110011101000001010111110001110

10011110011001010111010110100111010110000111010011010011000

0


/ 2

10000101100111001000001111010000000001101001101110001000011

100001101011101111000111110010001011100000000011001001011110

0


/ 2

110001000011011111111001100111110001110101000011001001110001

10100100100100010001011001111111011000011111111111100110

10011


/ 2

110010011001100110011110111001101011100101110001001011001101

1111001000100000011101110000111000100010001011000110110110

11


/ 2

101001100001110011001110000100010010001011100010001011000111

10111011100101100001111010010010000011000110101000001100011

1


/ 2

10001010110001001010110001111101110010010111111001000101

100001010010101000011010101100010110000010110110101111001

0


/ 2

11111110111010010101110110111001001101101001101100100100011

110100000100100110000100010111000111101101100101100101101001

0


/ 2

1000111101010010100110001011000111010010000011110111100111

11100011001010110011100111011001111011110110010011001001000

0


/ 2

11000011011100101111110001111111100001010101101110001110111

101011001010111010011111000111111010010001000111011110000001

0


/ 2

10111010111010111100011101011000100001000110000110100110000

110111011100111001110001000010000111010111110101011100010100

0


/ 2

10111000110111001100101110110110001101011101100001001010

11101111101010111000010001010001101111111000010110100001110

0


/ 2

10010111011000010111010101100101011110111100000011001110011

100011000001010010111011001010110101111110001100101010101101

0


/ 2

11111000110101110110111101000011110011110111101011000011011

10010000001001000101011100001010001000101011011000110100101

1


/ 2

100000111010110111111000101111111011101010110101111100011011

100110011000110000001000000000011011010111011111010101011

110


/ 2

10000101000111001011001000111000011000100011000111001100110

10001101011011010101110011111101010111110111110110101001

111


/ 2

11010101110010100101000010001000010000100000011101110110

1000001111110101100101100011000110110111100001101101100

11


/ 2

101001010100000101000010000110011100011100001100101010000101

100010001110001100111110001000101111100001110001111000010

1001


/ 2

100010100100111110000000110000011100001101100101101101111

11101101011010001000000010101111010110100011101111100000011

0


/ 2

10000001001001010101101011101110000001100100111111011010

100010010101000010101110100111101011100011000100100101010110

0


/ 2

1100000010100110100011000111110000110010001010001110111100

110100011010000001011001011011100001111110101001110001010

1


/ 2

1101100111110111100010011010001011101110111110001001001110

11101100100110010001100011111101111001111000000110111010

11


/ 2

100011110111011010100000001000101011111100100110100110110111

1000010000001111101011000100011010010101010100010000101011

100


/ 2

100101110011101011001110000111011011110101101001000111100000

1001001110010111011110010111101100000010111010000000100110

100


/ 2

101101000110001001100111000010001110100111010101000101001

10011111010011110011010010011001001011100111111001101011000

0


/ 2

10011111101000101111100100110111111110010100111101101111110

101111101010001010100000000010111010111001000110100101010010

0


/ 2

10110101000101110011001011111011111111010111100000110101111

101001010100111110011001001000101000000111101111000100110

100


/ 2

11001101100110011001001010110001000100100101110100100111110

101011101011100010100110100100100010001110000011100001111011

0


/ 2

11101001011010101110001011101001001101001111001010101100111

10111001111001010101010000010011101010000101100111101011

1010


/ 2

1101010101101111001000001111010111100111101000001101000010

110010111111110110100001011011110001001101111101101111011111

0


/ 2

111101000110001101000000100000000110100010111010101111

110011110101011100011100010011101010000011100111110111011011

0


/ 2

1101110100011011001000001001110111111000110000011001001001

110010101100101001110110110101111010000110110110011010001010

0


/ 2

1001011011000001010000011100100011010011111011001010101010

110110000111011110101110010000100111111111110101001110110001

0


/ 2

11011111000010001011111000010110010100111010001100100000

11000001100000110010000110101110001001011011111101111001100

0


/ 2

110011000110101100010100001100110011000000000100010011010101

10000111100110100001011011100100111110011000110011000101100

11


/ 2

110010000100011100100011011101001101001110100110000010001

10101011101000011010000010001100111111011010111000010101101

0


/ 2

10110001011010101110010001110010010100000010110010000010111

1000011011010111001011011100111110101100101010001110011001

10


/ 2

111010101000001100110010010100001000001110110011100001101

101110101010111111011100000100011011110100110110001011110101

0


/ 2

10100110101101011010111001010011101001100011111110111111010

101100111101101101100110011010010000000100101001010101011101

0


/ 2

110100000010010001011001010011111001110000011110000111000110

110011101000000100101000100100001100110101100111000100110010

1


/ 2

11000000001111001111110100110001010001001110101111101010101

10100010001110011110100000011111100100011000001001010101010

1


/ 2

11101101011001001001101001010000100101000101111010111100010

1110110110000010000000110110001001101110010011111010100001

1


/ 2

101010110101001111001000111001001001010110110100100100011111

100100110111110100000101000100010000011001001110110101010000

1


/ 2

10101111011101100010010111001100000000101010111011100000011

11100110100110101110011011011000111110100010111110110110101

0


/ 2

100110000110001011101011100110110111101111010101110011001000

10101100110010011101010111001000000000101011111000101000110

1


/ 2

11101000100101010000101011001110011000100111001010111100000

100001100101010010111101101110000101111001100000101001010100

0


/ 2

110101010110001100101110110011001111110001101111001111000001

110100100110010101011100010101111111000110101001110110101000

1


/ 2

101101101000010011101101001000100010101011000110000110110010

1001100011110000111010101011010011111000011000011000100101

100


/ 2

100010000110000011001011111111001010001100001011000110001010

100101101111110010000010000010100010110000010111011101111110

0


/ 2

11110101111100010101100100111001110000011101000111110010001

10001100011010010110101101111111111100000010010100101110000

1


/ 2

100100011110101110000011001111110001001101110111000111000101

10001111011011011101101000000000100111111100001110100110

10000


/ 2

100101110100110001100001100001010100010101000011111101110100

100000101011010101110001110001100000110111100100110010000000

1


/ 2

11100010111111000011111010100110001000001110001001100110100

1111000110100000100111101000100001011000101001101111001

1111


/ 2

1010110000101110011111111100100100011001110000000110000

100111010100000110001010011001000101001001001010000110011010

0


/ 2

110001001001000100001110111111101001110011111101110110111000

100110101010100011100111001011111111001111010110110101111101

1


/ 2

110000000101001000110111101011000100101110001001101101111100

1000100000000010100000000001111010101101101101111000100110

101


/ 2

1001010111111111000001100000011110001111000100011011110011

1111111010010001101101100111010010110000101010110111111100

0


/ 2

101100001100000110100110110100111001011000110000111111000111

100101011110101111110000100000000111011010110100101111000111

1


/ 2

101111110010011110011010100010101110100100011101110011011110

100010101111010110101001010111000001101111111101101000100101

1


/ 2

11110100110001101110010110111000011011001010000101101101010

1001000101111001100100010011111010001000001011011011000

11010


/ 2

101011010010011110101110111101010010000101110010100111011000

101011111001001111010100001101001110011000001111101000100001

0


/ 2

100100010010010010000100010001001110100011101000010111000010

11111100001010001100010100001101001100111111000101000111111

1


/ 2

101001000111000100110001001011101010001111010111100010110001

110001001100001000001011001011001101001101100100100011110101

0


/ 2

10100010100100010000011001000111110110110000110100010010010

11001000101001011110110111001110001001011000001000001100010

0


/ 2

110011001100101011101010011001111010100010011100101000011101

110100001111111110111101111011000100011000100111110110100

111


/ 2

11101100100110101100111000001101011111110011000010011111001

110111011111000000110000011110111111000101010101101111110101

0


/ 2

1011010100101001111001000001011001101010101001000011001011

11100001100100111100011000010000100010101010000100011001111

0


/ 2

11101111001110001000110010100001110110010100001100100001100

10100010011100010010101000001110010100011100011000100011010

1


/ 2

1000110000011110000000101100010001000111111001100010011100

101111110101000000011010101011011010101100111111110101101

1


/ 2

1001111011011000110001111101100000101110110110011100010010

100000001111000110111100101100010101100011111110111010110110

0


/ 2

101000001011101000001100111100000010110100001111110110110000

100000111011101100111110010000100011000000010001011001111000

1


/ 2

100100101100100100011101111011100000101100001001101010111011

110110000010010001001011010011110110100011110001110101101

101


/ 2

110000110110001101001010100100011111010001110001100001011000

10101010101110111000101111111110010011000000000011001100101

10


/ 2

10000001010111010100100001100001100011001010110100101

11110011110000011111001010101100000100000011001010110100100

0


/ 2

1110001100001000111111111111111101000001111100011010100110

1000000011100010100101101110000001111010011110001110100

1110


/ 2

11000011000110101100001010110011110001000110100111111011111

100100100110100010001101011010101011111101011011001101000110

0


/ 2

110000101111101111011111001110011011010010111111011010100101

1001110011101100101010010110101011010101101001110001111101

100


/ 2

101011110100011110011100011100100010100101100100100010110101

11110111010011000011010000100000000011010000011100111101010

1


/ 2

110010100000110000001101110101010110001111001001111110101000

101101101001010011110000100100001011101010000100010110110100

1


/ 2

1011110001110000011111110010110000010111101010011001101010

101101101010011101111010010100100001100000100010001101001001

0


/ 2

10000011111101011101011101110000100001110011010111110111101

11000101011111101110000000101101111010001011100110111001010

0


/ 2

10101011011001101110001011001100001011101010010010110011011

101101010110011010001110001001011000101110101001111001011010

0


/ 2

110101000111110010111011110000001101010011010011010111000001

110000010011111010001101001110011001110011100100001110010010

1


/ 2

1001110110011101010100001110111010100101011110010011001110

1100010011100001011000000011100010010001011001111010100001

0


/ 2

110101000001011101111110000011111011011010011100111100001

101101011100100100101000000001101101100011110001101001111000

0


/ 2

100100010011110001010011010100100000010011010010001001001000

101100110101110010010111111111100010000011100111100100010010

0


/ 2

101010101001111111110011101010000110110110111110001101000

10101110100111101110111100010101000000111101010011110010100

0


/ 2

1001011010001010111000101111110111000011010110100000110110

1010001011011111000011111011111111101100011110111000001000

0


/ 2

111010001101100101110001101101101001011100111010010100100

110110111111010100100111110101000010100010110110111000

1000


/ 2

111100111100011000000101010011000010011110011111111110101

1011010110111001100000000000100010010000011111010111101001

0


/ 2

11010011001100000001111101001101101010001001100101100101

10100010011100011101111000000000001111011101101100000100

1


/ 2

100111001001111101011010000000000100110011001001010110001100

110110000100100100001110110100000110011111101111111000111101

0


/ 2

11100101111001110100001101110010011010010011110011100001

100011000000101110010101011001110001010111101001100100010010

0


/ 2

100010101001010001000000010010111111010001100001010000011111

1001001010101001101111101001111100010000110000111001011001

11


/ 2

11000110111101111111101001010101011110100111011101111101110

10110011010100011110001111100010111011000011100001101

1000111


/ 2

100011101000111110000000010101000110000000110101100000110

10100000010110111010010101111010000000111000001110110010101

0


/ 2

101011000100100001110101000100110111000111010111001010101001

100000111100010011011101110001010001110010000101000011101010

1


/ 2

11100110110110110110100111100111001100111010111000011011

10110110100101101111000100101011011111001010011000000101111

0


/ 2

1100110011001100011001100001001011011111111111000011110101

1111100101100110011001001111100100001001000100011110010010

0


/ 2

1100010100001100101010101101101110111111010101000011110010

11100111100001010011111010101100111111000111010101101111011

0


/ 2

100101101101011111000010101100000110011101111101111001010100

101001111100001110110000000101001111101100101101111110001111

0


/ 2

101010010111001110100000011000001000011011001011001100011000

110110110001010100011000010011100110111101011101010010110111

0


/ 2

10001111101010001101100000011101110101001100101001110011100

101101010100101110111100000111111110001010001101000010111010

0


/ 2

11001011101101100001100111100011111111010100110001111010011

1011011101000110100111001011111000110101100100100000101111

10


/ 2

100110100111110111010100011011111111011111001110011101010110

101110011101110110010111011000001100010010001011010101001011

0


/ 2

100100111001000011100001100111001011010110101001111010101111

100001110100110001000010110100000001000110101100000011101100

1


/ 2

11010111100001110110101111001111111010011010011100010000110

101000011110111111111111010100111011000110100011001111001001

0


/ 2

110001110110011110001111011001111000100010001000011100101011

11011011100000010101110011001010001010001111110010010100001

1


/ 2

100001011010001110111111011111110100011101101011001100011000

101011100010010111001100100001001111001100100111011101011011

0


/ 2

100001100000011011101101111101010001111100011001101001010

10000110000010011101010001100010010110101100100101100111111

0


/ 2

110101100101110000010001010110100101011100000000001111010001

11011110011100010011100111011011000110010100100110001110110

1


/ 2

10011010110010111111011010001010001111101110011011110011111

110111001101110010100001000011111011010010101001100001101100

0


/ 2

100110001001100011110101110101101001010111111110110001101011

1111101111101111110011111101000010011010010011110111011110

10


/ 2

101001111101110110011010010110110010110000100100001100011000

11001000111111111111101101111001111100101110101011011011011

1


/ 2

10001100100011011101111111001011110010110110110000001111010

101100110000000101001001101111001111011100110000010111001111

0


/ 2

101100111111101011101111110110100010111011111111000101100111

100110101100001011111100001000101100001000010101101000110

1001


/ 2

100011111110011010101111100100101001000010011010101101010110

11101110110010101111101010101010100